srcscan starts
INFO: analyzing module AHB_addr_mux (VERI-9002)
INFO: analyzing module AHB_arbiter (VERI-9002)
INFO: analyzing module AHB_arbiter_tb (VERI-9002)
INFO: analyzing module AHB_bus_bridge (VERI-9002)
INFO: analyzing module AHB_bus_bridge_parallel (VERI-9002)
INFO: analyzing module AHB_decoder (VERI-9002)
INFO: analyzing module AHB_master (VERI-9002)
INFO: analyzing module AHB_master1_top (VERI-9002)
INFO: analyzing module AHB_master2_module (VERI-9002)
INFO: analyzing module AHB_master2_top (VERI-9002)
INFO: analyzing module AHB_master3_interface (VERI-9002)
INFO: analyzing module AHB_master_module (VERI-9002)
INFO: analyzing module AHB_master_tb (VERI-9002)
INFO: analyzing module AHB_read_data_mux (VERI-9002)
INFO: analyzing module AHB_slave (VERI-9002)
INFO: analyzing module AHB_slave1_top (VERI-9002)
INFO: analyzing module AHB_slave2_module (VERI-9002)
INFO: analyzing module AHB_slave2_top (VERI-9002)
INFO: analyzing module AHB_slave3_module (VERI-9002)
INFO: analyzing module AHB_slave3_top (VERI-9002)
INFO: analyzing module AHB_slave4_interface (VERI-9002)
INFO: analyzing module AHB_slave_module (VERI-9002)
INFO: analyzing module AHB_top_module (VERI-9002)
INFO: analyzing module AHB_write_data_mux (VERI-9002)
Listing tops:
VeriTop library:xil_defaultlib mod:AHB_arbiter_tb
VeriTop library:xil_defaultlib mod:AHB_bus_bridge
VeriTop library:xil_defaultlib mod:AHB_bus_bridge_parallel
VeriTop library:xil_defaultlib mod:AHB_master_tb
VeriTop library:xil_defaultlib mod:AHB_slave2_module
VeriTop library:xil_defaultlib mod:AHB_slave3_module
END of tops
C:/Users/User/Documents/AHB_Final_Final_real/AMBA_AHB_bus/AHB/AHB.srcs/sim_1/new/AHB_arbiter_tb.v(23): INFO: compiling module 'AHB_arbiter_tb_default' (VERI-1018)
C:/Users/User/Documents/AHB_Final_Final_real/AMBA_AHB_bus/AHB/AHB.srcs/sources_1/new/AHB_bus_bridge.v(23): INFO: compiling module 'AHB_bus_bridge_default' (VERI-1018)
C:/Users/User/Documents/AHB_Final_Final_real/AMBA_AHB_bus/AHB/AHB.srcs/sources_1/new/AHB_bus_bridge_parallel.v(23): INFO: compiling module 'AHB_bus_bridge_parallel_default' (VERI-1018)
C:/Users/User/Documents/AHB_Final_Final_real/AMBA_AHB_bus/AHB/AHB.srcs/sim_1/new/AHB_master_tb.v(23): INFO: compiling module 'AHB_master_tb_default' (VERI-1018)
C:/Users/User/Documents/AHB_Final_Final_real/AMBA_AHB_bus/AHB/AHB.srcs/sources_1/new/AHB_slave2_module.v(23): INFO: compiling module 'AHB_slave2_module_default' (VERI-1018)
C:/Users/User/Documents/AHB_Final_Final_real/AMBA_AHB_bus/AHB/AHB.srcs/sources_1/new/AHB_slave3_module.v(23): INFO: compiling module 'AHB_slave3_module_default' (VERI-1018)
C:/Users/User/Documents/AHB_Final_Final_real/AMBA_AHB_bus/AHB/AHB.srcs/sources_1/new/AHB_top_module.v(308): ERROR: cannot find port 'dout' on this module (VERI-1010)
C:/Users/User/Documents/AHB_Final_Final_real/AMBA_AHB_bus/AHB/AHB.srcs/sources_1/new/AHB_slave4_interface.v(23): INFO: 'AHB_slave4_interface' is declared here (VERI-9035)
C:/Users/User/Documents/AHB_Final_Final_real/AMBA_AHB_bus/AHB/AHB.srcs/sources_1/new/AHB_top_module.v(306): ERROR: cannot find port 'addr_out' on this module (VERI-1010)
C:/Users/User/Documents/AHB_Final_Final_real/AMBA_AHB_bus/AHB/AHB.srcs/sources_1/new/AHB_slave4_interface.v(23): INFO: 'AHB_slave4_interface' is declared here (VERI-9035)
C:/Users/User/Documents/AHB_Final_Final_real/AMBA_AHB_bus/AHB/AHB.srcs/sources_1/new/AHB_top_module.v(305): ERROR: cannot find port 'hwdata_mux_out' on this module (VERI-1010)
C:/Users/User/Documents/AHB_Final_Final_real/AMBA_AHB_bus/AHB/AHB.srcs/sources_1/new/AHB_slave4_interface.v(23): INFO: 'AHB_slave4_interface' is declared here (VERI-9035)
C:/Users/User/Documents/AHB_Final_Final_real/AMBA_AHB_bus/AHB/AHB.srcs/sources_1/new/AHB_top_module.v(304): ERROR: cannot find port 'haddr_mux_out' on this module (VERI-1010)
C:/Users/User/Documents/AHB_Final_Final_real/AMBA_AHB_bus/AHB/AHB.srcs/sources_1/new/AHB_slave4_interface.v(23): INFO: 'AHB_slave4_interface' is declared here (VERI-9035)
C:/Users/User/Documents/AHB_Final_Final_real/AMBA_AHB_bus/AHB/AHB.srcs/sources_1/new/AHB_top_module.v(301): ERROR: cannot find port 'din' on this module (VERI-1010)
C:/Users/User/Documents/AHB_Final_Final_real/AMBA_AHB_bus/AHB/AHB.srcs/sources_1/new/AHB_slave4_interface.v(23): INFO: 'AHB_slave4_interface' is declared here (VERI-9035)
C:/Users/User/Documents/AHB_Final_Final_real/AMBA_AHB_bus/AHB/AHB.srcs/sim_1/new/AHB_arbiter_tb.v(42): WARNING: port 'hsplit4' is not connected on this instance (VERI-2435)
C:/Users/User/Documents/AHB_Final_Final_real/AMBA_AHB_bus/AHB/AHB.srcs/sources_1/new/AHB_top_module.v(298): WARNING: port 'valid_aft_split_in' is not connected on this instance (VERI-2435)
C:/Users/User/Documents/AHB_Final_Final_real/AMBA_AHB_bus/AHB/AHB.srcs/sources_1/new/AHB_slave1_top.v(53): WARNING: port 'htrans' is not connected on this instance (VERI-2435)
C:/Users/User/Documents/AHB_Final_Final_real/AMBA_AHB_bus/AHB/AHB.srcs/sources_1/new/AHB_slave1_top.v(66): WARNING: port 'valid_aft_split_in' is not connected on this instance (VERI-2435)
C:/Users/User/Documents/AHB_Final_Final_real/AMBA_AHB_bus/AHB/AHB.srcs/sources_1/new/AHB_slave2_top.v(50): WARNING: port 'htrans' is not connected on this instance (VERI-2435)
C:/Users/User/Documents/AHB_Final_Final_real/AMBA_AHB_bus/AHB/AHB.srcs/sources_1/new/AHB_slave2_top.v(59): WARNING: port 'error' is not connected on this instance (VERI-2435)
C:/Users/User/Documents/AHB_Final_Final_real/AMBA_AHB_bus/AHB/AHB.srcs/sources_1/new/AHB_slave3_top.v(50): WARNING: port 'htrans' is not connected on this instance (VERI-2435)
C:/Users/User/Documents/AHB_Final_Final_real/AMBA_AHB_bus/AHB/AHB.srcs/sources_1/new/AHB_slave3_top.v(59): WARNING: port 'error' is not connected on this instance (VERI-2435)
srcscan exits with return value 0
