srcscan starts
INFO: analyzing module AHB_addr_mux (VERI-9002)
INFO: analyzing module AHB_arbiter (VERI-9002)
INFO: analyzing module AHB_decoder (VERI-9002)
INFO: analyzing module AHB_master (VERI-9002)
INFO: analyzing module AHB_master1_top (VERI-9002)
INFO: analyzing module AHB_master2_module (VERI-9002)
INFO: analyzing module AHB_master2_top (VERI-9002)
INFO: analyzing module AHB_master3_interface (VERI-9002)
INFO: analyzing module AHB_master_module (VERI-9002)
INFO: analyzing module AHB_read_data_mux (VERI-9002)
INFO: analyzing module AHB_slave (VERI-9002)
INFO: analyzing module AHB_slave1_top (VERI-9002)
INFO: analyzing module AHB_slave2_top (VERI-9002)
INFO: analyzing module AHB_slave3_top (VERI-9002)
INFO: analyzing module AHB_slave_module (VERI-9002)
INFO: analyzing module AHB_write_data_mux (VERI-9002)
INFO: analyzing module AHB_top_module (VERI-9002)
INFO: analyzing module AHB_slave3_module (VERI-9002)
INFO: analyzing module AHB_slave2_module (VERI-9002)
INFO: analyzing module AHB_slave4_interface (VERI-9002)
INFO: analyzing module AHB_addr_mux (VERI-9002)
E:/1.Studies/Semester 07/Advanced Digital Systems/Assignment Dr/AMBA_AHB_bus/AHB/AHB.srcs/sources_1/new/AHB_addr_mux.v(23): WARNING: overwriting previous definition of module 'AHB_addr_mux' (VERI-1206)
INFO: analyzing module AHB_arbiter (VERI-9002)
C:/Users/DELL/AppData/Local/Temp/VivadoEditorAssist1548459710671515299.tmp(23): WARNING: overwriting previous definition of module 'AHB_arbiter' (VERI-1206)
INFO: analyzing module AHB_decoder (VERI-9002)
E:/1.Studies/Semester 07/Advanced Digital Systems/Assignment Dr/AMBA_AHB_bus/AHB/AHB.srcs/sources_1/new/AHB_decoder.v(23): WARNING: overwriting previous definition of module 'AHB_decoder' (VERI-1206)
INFO: analyzing module AHB_master (VERI-9002)
C:/Users/DELL/AppData/Local/Temp/VivadoEditorAssist17154893652290952188.tmp(23): WARNING: overwriting previous definition of module 'AHB_master' (VERI-1206)
INFO: analyzing module AHB_master1_top (VERI-9002)
C:/Users/DELL/AppData/Local/Temp/VivadoEditorAssist10873888771894263466.tmp(23): WARNING: overwriting previous definition of module 'AHB_master1_top' (VERI-1206)
INFO: analyzing module AHB_master2_module (VERI-9002)
E:/1.Studies/Semester 07/Advanced Digital Systems/Assignment Dr/AMBA_AHB_bus/AHB/AHB.srcs/sources_1/new/AHB_master2_module.v(23): WARNING: overwriting previous definition of module 'AHB_master2_module' (VERI-1206)
INFO: analyzing module AHB_master2_top (VERI-9002)
C:/Users/DELL/AppData/Local/Temp/VivadoEditorAssist10011766743362750979.tmp(23): WARNING: overwriting previous definition of module 'AHB_master2_top' (VERI-1206)
INFO: analyzing module AHB_master3_interface (VERI-9002)
C:/Users/DELL/AppData/Local/Temp/VivadoEditorAssist13456274289082316603.tmp(22): WARNING: overwriting previous definition of module 'AHB_master3_interface' (VERI-1206)
INFO: analyzing module AHB_master_module (VERI-9002)
E:/1.Studies/Semester 07/Advanced Digital Systems/Assignment Dr/AMBA_AHB_bus/AHB/AHB.srcs/sources_1/new/AHB_master_module.v(23): WARNING: overwriting previous definition of module 'AHB_master_module' (VERI-1206)
INFO: analyzing module AHB_read_data_mux (VERI-9002)
E:/1.Studies/Semester 07/Advanced Digital Systems/Assignment Dr/AMBA_AHB_bus/AHB/AHB.srcs/sources_1/new/AHB_read_data_mux.v(23): WARNING: overwriting previous definition of module 'AHB_read_data_mux' (VERI-1206)
INFO: analyzing module AHB_slave (VERI-9002)
E:/1.Studies/Semester 07/Advanced Digital Systems/Assignment Dr/AMBA_AHB_bus/AHB/AHB.srcs/sources_1/new/AHB_slave.v(23): WARNING: overwriting previous definition of module 'AHB_slave' (VERI-1206)
INFO: analyzing module AHB_slave1_top (VERI-9002)
E:/1.Studies/Semester 07/Advanced Digital Systems/Assignment Dr/AMBA_AHB_bus/AHB/AHB.srcs/sources_1/new/AHB_slave1_top.v(23): WARNING: overwriting previous definition of module 'AHB_slave1_top' (VERI-1206)
INFO: analyzing module AHB_slave2_top (VERI-9002)
E:/1.Studies/Semester 07/Advanced Digital Systems/Assignment Dr/AMBA_AHB_bus/AHB/AHB.srcs/sources_1/new/AHB_slave2_top.v(23): WARNING: overwriting previous definition of module 'AHB_slave2_top' (VERI-1206)
INFO: analyzing module AHB_slave3_top (VERI-9002)
E:/1.Studies/Semester 07/Advanced Digital Systems/Assignment Dr/AMBA_AHB_bus/AHB/AHB.srcs/sources_1/new/AHB_slave3_top.v(23): WARNING: overwriting previous definition of module 'AHB_slave3_top' (VERI-1206)
INFO: analyzing module AHB_slave_module (VERI-9002)
E:/1.Studies/Semester 07/Advanced Digital Systems/Assignment Dr/AMBA_AHB_bus/AHB/AHB.srcs/sources_1/new/AHB_slave_module.v(23): WARNING: overwriting previous definition of module 'AHB_slave_module' (VERI-1206)
INFO: analyzing module AHB_write_data_mux (VERI-9002)
E:/1.Studies/Semester 07/Advanced Digital Systems/Assignment Dr/AMBA_AHB_bus/AHB/AHB.srcs/sources_1/new/AHB_write_data_mux.v(35): WARNING: overwriting previous definition of module 'AHB_write_data_mux' (VERI-1206)
INFO: analyzing module AHB_top_module (VERI-9002)
C:/Users/DELL/AppData/Local/Temp/VivadoEditorAssist11276157102865313393.tmp(23): WARNING: overwriting previous definition of module 'AHB_top_module' (VERI-1206)
INFO: analyzing module AHB_slave3_module (VERI-9002)
E:/1.Studies/Semester 07/Advanced Digital Systems/Assignment Dr/AMBA_AHB_bus/AHB/AHB.srcs/sources_1/new/AHB_slave3_module.v(23): WARNING: overwriting previous definition of module 'AHB_slave3_module' (VERI-1206)
INFO: analyzing module AHB_slave2_module (VERI-9002)
E:/1.Studies/Semester 07/Advanced Digital Systems/Assignment Dr/AMBA_AHB_bus/AHB/AHB.srcs/sources_1/new/AHB_slave2_module.v(23): WARNING: overwriting previous definition of module 'AHB_slave2_module' (VERI-1206)
INFO: analyzing module AHB_slave4_interface (VERI-9002)
E:/1.Studies/Semester 07/Advanced Digital Systems/Assignment Dr/AMBA_AHB_bus/AHB/AHB.srcs/sources_1/new/AHB_slave4_interface.v(23): WARNING: overwriting previous definition of module 'AHB_slave4_interface' (VERI-1206)
srcscan exits with return value 0
