INFO: [VRFC 10-2263] Analyzing Verilog file "C:/Users/User/Documents/AHB_final_final/AMBA_AHB_bus/AHB/AHB.srcs/sources_1/new/AHB_addr_mux.v" into library xil_defaultlib
INFO: [VRFC 10-311] analyzing module AHB_addr_mux
INFO: [VRFC 10-2263] Analyzing Verilog file "C:/Users/User/Documents/AHB_final_final/AMBA_AHB_bus/AHB/AHB.srcs/sources_1/new/AHB_arbiter.v" into library xil_defaultlib
INFO: [VRFC 10-311] analyzing module AHB_arbiter
INFO: [VRFC 10-2263] Analyzing Verilog file "C:/Users/User/Documents/AHB_final_final/AMBA_AHB_bus/AHB/AHB.srcs/sources_1/new/AHB_decoder.v" into library xil_defaultlib
INFO: [VRFC 10-311] analyzing module AHB_decoder
INFO: [VRFC 10-2263] Analyzing Verilog file "C:/Users/User/Documents/AHB_final_final/AMBA_AHB_bus/AHB/AHB.srcs/sources_1/new/AHB_master.v" into library xil_defaultlib
INFO: [VRFC 10-311] analyzing module AHB_master
INFO: [VRFC 10-2263] Analyzing Verilog file "C:/Users/User/Documents/AHB_final_final/AMBA_AHB_bus/AHB/AHB.srcs/sources_1/new/AHB_master1_top.v" into library xil_defaultlib
INFO: [VRFC 10-311] analyzing module AHB_master1_top
INFO: [VRFC 10-2263] Analyzing Verilog file "C:/Users/User/Documents/AHB_final_final/AMBA_AHB_bus/AHB/AHB.srcs/sources_1/new/AHB_master2_module.v" into library xil_defaultlib
INFO: [VRFC 10-311] analyzing module AHB_master2_module
INFO: [VRFC 10-2263] Analyzing Verilog file "C:/Users/User/Documents/AHB_final_final/AMBA_AHB_bus/AHB/AHB.srcs/sources_1/new/AHB_master2_top.v" into library xil_defaultlib
INFO: [VRFC 10-311] analyzing module AHB_master2_top
INFO: [VRFC 10-2263] Analyzing Verilog file "C:/Users/User/Documents/AHB_final_final/AMBA_AHB_bus/AHB/AHB.srcs/sources_1/new/AHB_master3_interface.v" into library xil_defaultlib
INFO: [VRFC 10-311] analyzing module AHB_master3_interface
INFO: [VRFC 10-2263] Analyzing Verilog file "C:/Users/User/Documents/AHB_final_final/AMBA_AHB_bus/AHB/AHB.srcs/sources_1/new/AHB_master_module.v" into library xil_defaultlib
INFO: [VRFC 10-311] analyzing module AHB_master_module
INFO: [VRFC 10-2263] Analyzing Verilog file "C:/Users/User/Documents/AHB_final_final/AMBA_AHB_bus/AHB/AHB.srcs/sources_1/new/AHB_read_data_mux.v" into library xil_defaultlib
INFO: [VRFC 10-311] analyzing module AHB_read_data_mux
INFO: [VRFC 10-2263] Analyzing Verilog file "C:/Users/User/Documents/AHB_final_final/AMBA_AHB_bus/AHB/AHB.srcs/sources_1/new/AHB_slave.v" into library xil_defaultlib
INFO: [VRFC 10-311] analyzing module AHB_slave
INFO: [VRFC 10-2263] Analyzing Verilog file "C:/Users/User/Documents/AHB_final_final/AMBA_AHB_bus/AHB/AHB.srcs/sources_1/new/AHB_slave1_top.v" into library xil_defaultlib
INFO: [VRFC 10-311] analyzing module AHB_slave1_top
INFO: [VRFC 10-2263] Analyzing Verilog file "C:/Users/User/Documents/AHB_final_final/AMBA_AHB_bus/AHB/AHB.srcs/sources_1/new/AHB_slave2_top.v" into library xil_defaultlib
INFO: [VRFC 10-311] analyzing module AHB_slave2_top
INFO: [VRFC 10-2263] Analyzing Verilog file "C:/Users/User/Documents/AHB_final_final/AMBA_AHB_bus/AHB/AHB.srcs/sources_1/new/AHB_slave3_top.v" into library xil_defaultlib
INFO: [VRFC 10-311] analyzing module AHB_slave3_top
INFO: [VRFC 10-2263] Analyzing Verilog file "C:/Users/User/Documents/AHB_final_final/AMBA_AHB_bus/AHB/AHB.srcs/sources_1/new/AHB_slave_module.v" into library xil_defaultlib
INFO: [VRFC 10-311] analyzing module AHB_slave_module
INFO: [VRFC 10-2263] Analyzing Verilog file "C:/Users/User/Documents/AHB_final_final/AMBA_AHB_bus/AHB/AHB.srcs/sources_1/new/AHB_top_module.v" into library xil_defaultlib
INFO: [VRFC 10-311] analyzing module AHB_top_module
INFO: [VRFC 10-2263] Analyzing Verilog file "C:/Users/User/Documents/AHB_final_final/AMBA_AHB_bus/AHB/AHB.srcs/sources_1/new/AHB_write_data_mux.v" into library xil_defaultlib
INFO: [VRFC 10-311] analyzing module AHB_write_data_mux
INFO: [VRFC 10-2263] Analyzing Verilog file "C:/Users/User/Documents/AHB_final_final/AMBA_AHB_bus/AHB/AHB.srcs/sim_1/new/AHB_master_tb.v" into library xil_defaultlib
INFO: [VRFC 10-311] analyzing module AHB_master_tb
