#-----------------------------------------------------------
# Vivado v2023.2 (64-bit)
# SW Build 4029153 on Fri Oct 13 20:14:34 MDT 2023
# IP Build 4028589 on Sat Oct 14 00:45:43 MDT 2023
# SharedData Build 4025554 on Tue Oct 10 17:18:54 MDT 2023
# Start of session at: Fri Dec  6 09:24:00 2024
# Process ID: 10676
# Current directory: E:/1.Studies/Semester 07/Advanced Digital Systems/Assignment Dr/AMBA_AHB_bus/AHB
# Command line: vivado.exe -gui_launcher_event rodinguilauncherevent10204 E:\1.Studies\Semester 07\Advanced Digital Systems\Assignment Dr\AMBA_AHB_bus\AHB\AHB.xpr
# Log file: E:/1.Studies/Semester 07/Advanced Digital Systems/Assignment Dr/AMBA_AHB_bus/AHB/vivado.log
# Journal file: E:/1.Studies/Semester 07/Advanced Digital Systems/Assignment Dr/AMBA_AHB_bus/AHB\vivado.jou
# Running On: AG, OS: Windows, CPU Frequency: 2419 MHz, CPU Physical cores: 4, Host memory: 16901 MB
#-----------------------------------------------------------
start_gui
open_project {E:/1.Studies/Semester 07/Advanced Digital Systems/Assignment Dr/AMBA_AHB_bus/AHB/AHB.xpr}
WARNING: [Board 49-26] cannot add Board Part realdigital.org:rfsoc4x2:part0:1.0 available at C:/Xilinx/Vivado/2023.2/data/xhub/boards/XilinxBoardStore/boards/Xilinx/rfsoc4x2/1.0/board.xml as part xczu48dr-ffvg1517-2-e specified in board_part file is either invalid or not available
WARNING: [Board 49-26] cannot add Board Part xilinx.com:kc705:part0:1.6 available at C:/Xilinx/Vivado/2023.2/data/xhub/boards/XilinxBoardStore/boards/Xilinx/kc705/1.6/board.xml as part xc7k325tffg900-2 specified in board_part file is either invalid or not available
WARNING: [Board 49-26] cannot add Board Part xilinx.com:kcu105:part0:1.6 available at C:/Xilinx/Vivado/2023.2/data/xhub/boards/XilinxBoardStore/boards/Xilinx/kcu105/1.6/board.xml as part xcku040-ffva1156-2-e specified in board_part file is either invalid or not available
WARNING: [Board 49-26] cannot add Board Part xilinx.com:kcu105:part0:1.7 available at C:/Xilinx/Vivado/2023.2/data/xhub/boards/XilinxBoardStore/boards/Xilinx/kcu105/1.7/board.xml as part xcku040-ffva1156-2-e specified in board_part file is either invalid or not available
WARNING: [Board 49-26] cannot add Board Part xilinx.com:kcu1500:part0:1.2 available at C:/Xilinx/Vivado/2023.2/data/xhub/boards/XilinxBoardStore/boards/Xilinx/kcu1500/1.2/board.xml as part xcku115-flvb2104-2-e specified in board_part file is either invalid or not available
WARNING: [Board 49-26] cannot add Board Part xilinx.com:vc707:part0:1.4 available at C:/Xilinx/Vivado/2023.2/data/xhub/boards/XilinxBoardStore/boards/Xilinx/vc707/1.4/board.xml as part xc7vx485tffg1761-2 specified in board_part file is either invalid or not available
WARNING: [Board 49-26] cannot add Board Part xilinx.com:vc709:part0:1.8 available at C:/Xilinx/Vivado/2023.2/data/xhub/boards/XilinxBoardStore/boards/Xilinx/vc709/1.8/board.xml as part xc7vx690tffg1761-2 specified in board_part file is either invalid or not available
WARNING: [Board 49-26] cannot add Board Part xilinx.com:vck190:part0:2.2 available at C:/Xilinx/Vivado/2023.2/data/xhub/boards/XilinxBoardStore/boards/Xilinx/vck190/production/2.2/board.xml as part xcvc1902-vsva2197-2mp-e-s specified in board_part file is either invalid or not available
WARNING: [Board 49-26] cannot add Board Part xilinx.com:vck190:part0:3.0 available at C:/Xilinx/Vivado/2023.2/data/xhub/boards/XilinxBoardStore/boards/Xilinx/vck190/production/3.0/board.xml as part xcvc1902-vsva2197-2mp-e-s specified in board_part file is either invalid or not available
WARNING: [Board 49-26] cannot add Board Part xilinx.com:vck190:part0:3.1 available at C:/Xilinx/Vivado/2023.2/data/xhub/boards/XilinxBoardStore/boards/Xilinx/vck190/production/3.1/board.xml as part xcvc1902-vsva2197-2mp-e-s specified in board_part file is either invalid or not available
WARNING: [Board 49-26] cannot add Board Part xilinx.com:vck190:part0:3.2 available at C:/Xilinx/Vivado/2023.2/data/xhub/boards/XilinxBoardStore/boards/Xilinx/vck190/production/3.2/board.xml as part xcvc1902-vsva2197-2mp-e-s specified in board_part file is either invalid or not available
WARNING: [Board 49-26] cannot add Board Part xilinx.com:vck190_newl:part0:1.0 available at C:/Xilinx/Vivado/2023.2/data/xhub/boards/XilinxBoardStore/boards/Xilinx/vck190_newl/production/1.0/board.xml as part xcvc1902-vsva2197-2mp-e-s specified in board_part file is either invalid or not available
WARNING: [Board 49-26] cannot add Board Part xilinx.com:vck190_newl:part0:1.1 available at C:/Xilinx/Vivado/2023.2/data/xhub/boards/XilinxBoardStore/boards/Xilinx/vck190_newl/production/1.1/board.xml as part xcvc1902-vsva2197-2mp-e-s specified in board_part file is either invalid or not available
WARNING: [Board 49-26] cannot add Board Part xilinx.com:vcu108:part0:1.6 available at C:/Xilinx/Vivado/2023.2/data/xhub/boards/XilinxBoardStore/boards/Xilinx/vcu108/1.6/board.xml as part xcvu095-ffva2104-2-e specified in board_part file is either invalid or not available
WARNING: [Board 49-26] cannot add Board Part xilinx.com:vcu108:part0:1.7 available at C:/Xilinx/Vivado/2023.2/data/xhub/boards/XilinxBoardStore/boards/Xilinx/vcu108/1.7/board.xml as part xcvu095-ffva2104-2-e specified in board_part file is either invalid or not available
WARNING: [Board 49-26] cannot add Board Part xilinx.com:vcu110:part0:1.4 available at C:/Xilinx/Vivado/2023.2/data/xhub/boards/XilinxBoardStore/boards/Xilinx/vcu110/1.4/board.xml as part xcvu190-flgc2104-2-e specified in board_part file is either invalid or not available
WARNING: [Board 49-26] cannot add Board Part xilinx.com:vcu118:part0:2.0 available at C:/Xilinx/Vivado/2023.2/data/xhub/boards/XilinxBoardStore/boards/Xilinx/vcu118/2.0/board.xml as part xcvu9p-flga2104-2l-e specified in board_part file is either invalid or not available
WARNING: [Board 49-26] cannot add Board Part xilinx.com:vcu118:part0:2.3 available at C:/Xilinx/Vivado/2023.2/data/xhub/boards/XilinxBoardStore/boards/Xilinx/vcu118/2.3/board.xml as part xcvu9p-flga2104-2l-e specified in board_part file is either invalid or not available
WARNING: [Board 49-26] cannot add Board Part xilinx.com:vcu118:part0:2.4 available at C:/Xilinx/Vivado/2023.2/data/xhub/boards/XilinxBoardStore/boards/Xilinx/vcu118/2.4/board.xml as part xcvu9p-flga2104-2l-e specified in board_part file is either invalid or not available
WARNING: [Board 49-26] cannot add Board Part xilinx.com:vcu129:part0:1.0 available at C:/Xilinx/Vivado/2023.2/data/xhub/boards/XilinxBoardStore/boards/Xilinx/vcu129/production/1.0/board.xml as part xcvu29p-fsga2577-2l-e specified in board_part file is either invalid or not available
WARNING: [Board 49-26] cannot add Board Part xilinx.com:vcu1525:part0:1.3 available at C:/Xilinx/Vivado/2023.2/data/xhub/boards/XilinxBoardStore/boards/Xilinx/vcu1525/1.3/board.xml as part xcvu9p-fsgd2104-2l-e specified in board_part file is either invalid or not available
WARNING: [Board 49-26] cannot add Board Part xilinx.com:vek280:part0:1.0 available at C:/Xilinx/Vivado/2023.2/data/xhub/boards/XilinxBoardStore/boards/Xilinx/vek280/production/1.0/board.xml as part xcve2802-vsvh1760-2mp-e-s specified in board_part file is either invalid or not available
WARNING: [Board 49-26] cannot add Board Part xilinx.com:vek280_es:part0:1.0 available at C:/Xilinx/Vivado/2023.2/data/xhub/boards/XilinxBoardStore/boards/Xilinx/vek280/es/rev_a/1.0/board.xml as part xcve2802-vsvh1760-2lp-e-s-es1 specified in board_part file is either invalid or not available
WARNING: [Board 49-26] cannot add Board Part xilinx.com:vek280_es:part0:1.1 available at C:/Xilinx/Vivado/2023.2/data/xhub/boards/XilinxBoardStore/boards/Xilinx/vek280/es/rev_a/1.1/board.xml as part xcve2802-vsvh1760-2lp-e-s-es1 specified in board_part file is either invalid or not available
WARNING: [Board 49-26] cannot add Board Part xilinx.com:vek280_es_revb:part0:1.0 available at C:/Xilinx/Vivado/2023.2/data/xhub/boards/XilinxBoardStore/boards/Xilinx/vek280/es/rev_b/1.0/board.xml as part xcve2802-vsvh1760-2mp-e-s-es1 specified in board_part file is either invalid or not available
WARNING: [Board 49-26] cannot add Board Part xilinx.com:vek280_es_revb:part0:1.1 available at C:/Xilinx/Vivado/2023.2/data/xhub/boards/XilinxBoardStore/boards/Xilinx/vek280/es/rev_b/1.1/board.xml as part xcve2802-vsvh1760-2mp-e-s-es1 specified in board_part file is either invalid or not available
WARNING: [Board 49-26] cannot add Board Part xilinx.com:vermeo_t1_mpsoc:part0:1.0 available at C:/Xilinx/Vivado/2023.2/data/xhub/boards/XilinxBoardStore/boards/Xilinx/vermeo_t1_mpsoc/1.0/board.xml as part xczu19eg-ffvd1760-2l-e specified in board_part file is either invalid or not available
WARNING: [Board 49-26] cannot add Board Part xilinx.com:vermeo_t1_rfsoc:part0:1.0 available at C:/Xilinx/Vivado/2023.2/data/xhub/boards/XilinxBoardStore/boards/Xilinx/vermeo_t1_rfsoc/1.0/board.xml as part xczu21dr-ffvd1156-2l-e specified in board_part file is either invalid or not available
WARNING: [Board 49-26] cannot add Board Part xilinx.com:vhk158:part0:1.0 available at C:/Xilinx/Vivado/2023.2/data/xhub/boards/XilinxBoardStore/boards/Xilinx/vhk158/production/1.0/board.xml as part xcvh1582-vsva3697-2mp-e-s specified in board_part file is either invalid or not available
WARNING: [Board 49-26] cannot add Board Part xilinx.com:vhk158:part0:1.1 available at C:/Xilinx/Vivado/2023.2/data/xhub/boards/XilinxBoardStore/boards/Xilinx/vhk158/production/1.1/board.xml as part xcvh1582-vsva3697-2mp-e-s specified in board_part file is either invalid or not available
WARNING: [Board 49-26] cannot add Board Part xilinx.com:vhk158_es:part0:1.0 available at C:/Xilinx/Vivado/2023.2/data/xhub/boards/XilinxBoardStore/boards/Xilinx/vhk158/es/1.0/board.xml as part xcvh1582-vsva3697-2mp-e-s-es1 specified in board_part file is either invalid or not available
WARNING: [Board 49-26] cannot add Board Part xilinx.com:vhk158_es:part0:1.1 available at C:/Xilinx/Vivado/2023.2/data/xhub/boards/XilinxBoardStore/boards/Xilinx/vhk158/es/1.1/board.xml as part xcvh1582-vsva3697-2mp-e-s-es1 specified in board_part file is either invalid or not available
WARNING: [Board 49-26] cannot add Board Part xilinx.com:vmk180:part0:2.2 available at C:/Xilinx/Vivado/2023.2/data/xhub/boards/XilinxBoardStore/boards/Xilinx/vmk180/production/2.2/board.xml as part xcvm1802-vsva2197-2mp-e-s specified in board_part file is either invalid or not available
WARNING: [Board 49-26] cannot add Board Part xilinx.com:vmk180:part0:3.0 available at C:/Xilinx/Vivado/2023.2/data/xhub/boards/XilinxBoardStore/boards/Xilinx/vmk180/production/3.0/board.xml as part xcvm1802-vsva2197-2mp-e-s specified in board_part file is either invalid or not available
WARNING: [Board 49-26] cannot add Board Part xilinx.com:vmk180:part0:3.1 available at C:/Xilinx/Vivado/2023.2/data/xhub/boards/XilinxBoardStore/boards/Xilinx/vmk180/production/3.1/board.xml as part xcvm1802-vsva2197-2mp-e-s specified in board_part file is either invalid or not available
WARNING: [Board 49-26] cannot add Board Part xilinx.com:vmk180:part0:3.2 available at C:/Xilinx/Vivado/2023.2/data/xhub/boards/XilinxBoardStore/boards/Xilinx/vmk180/production/3.2/board.xml as part xcvm1802-vsva2197-2mp-e-s specified in board_part file is either invalid or not available
WARNING: [Board 49-26] cannot add Board Part xilinx.com:vmk180_newl:part0:1.0 available at C:/Xilinx/Vivado/2023.2/data/xhub/boards/XilinxBoardStore/boards/Xilinx/vmk180_newl/production/1.0/board.xml as part xcvm1802-vsva2197-2mp-e-s specified in board_part file is either invalid or not available
WARNING: [Board 49-26] cannot add Board Part xilinx.com:vmk180_newl:part0:1.1 available at C:/Xilinx/Vivado/2023.2/data/xhub/boards/XilinxBoardStore/boards/Xilinx/vmk180_newl/production/1.1/board.xml as part xcvm1802-vsva2197-2mp-e-s specified in board_part file is either invalid or not available
WARNING: [Board 49-26] cannot add Board Part xilinx.com:vpk120:part0:1.0 available at C:/Xilinx/Vivado/2023.2/data/xhub/boards/XilinxBoardStore/boards/Xilinx/vpk120/production/1.0/board.xml as part xcvp1202-vsva2785-2mp-e-s specified in board_part file is either invalid or not available
WARNING: [Board 49-26] cannot add Board Part xilinx.com:vpk120:part0:1.1 available at C:/Xilinx/Vivado/2023.2/data/xhub/boards/XilinxBoardStore/boards/Xilinx/vpk120/production/1.1/board.xml as part xcvp1202-vsva2785-2mp-e-s specified in board_part file is either invalid or not available
WARNING: [Board 49-26] cannot add Board Part xilinx.com:vpk120:part0:1.2 available at C:/Xilinx/Vivado/2023.2/data/xhub/boards/XilinxBoardStore/boards/Xilinx/vpk120/production/1.2/board.xml as part xcvp1202-vsva2785-2mp-e-s specified in board_part file is either invalid or not available
WARNING: [Board 49-26] cannot add Board Part xilinx.com:vpk180:part0:1.0 available at C:/Xilinx/Vivado/2023.2/data/xhub/boards/XilinxBoardStore/boards/Xilinx/vpk180/production/1.0/board.xml as part xcvp1802-lsvc4072-2mp-e-s specified in board_part file is either invalid or not available
WARNING: [Board 49-26] cannot add Board Part xilinx.com:vpk180:part0:1.1 available at C:/Xilinx/Vivado/2023.2/data/xhub/boards/XilinxBoardStore/boards/Xilinx/vpk180/production/1.1/board.xml as part xcvp1802-lsvc4072-2mp-e-s specified in board_part file is either invalid or not available
WARNING: [Board 49-26] cannot add Board Part xilinx.com:zc706:part0:1.4 available at C:/Xilinx/Vivado/2023.2/data/xhub/boards/XilinxBoardStore/boards/Xilinx/zc706/1.4/board.xml as part xc7z045ffg900-2 specified in board_part file is either invalid or not available
WARNING: [Board 49-26] cannot add Board Part xilinx.com:zcu102:part0:3.3 available at C:/Xilinx/Vivado/2023.2/data/xhub/boards/XilinxBoardStore/boards/Xilinx/zcu102/3.3/board.xml as part xczu9eg-ffvb1156-2-e specified in board_part file is either invalid or not available
WARNING: [Board 49-26] cannot add Board Part xilinx.com:zcu102:part0:3.4 available at C:/Xilinx/Vivado/2023.2/data/xhub/boards/XilinxBoardStore/boards/Xilinx/zcu102/3.4/board.xml as part xczu9eg-ffvb1156-2-e specified in board_part file is either invalid or not available
WARNING: [Board 49-26] cannot add Board Part xilinx.com:zcu111:part0:1.2 available at C:/Xilinx/Vivado/2023.2/data/xhub/boards/XilinxBoardStore/boards/Xilinx/zcu111/1.2/board.xml as part xczu28dr-ffvg1517-2-e specified in board_part file is either invalid or not available
WARNING: [Board 49-26] cannot add Board Part xilinx.com:zcu111:part0:1.3 available at C:/Xilinx/Vivado/2023.2/data/xhub/boards/XilinxBoardStore/boards/Xilinx/zcu111/1.3/board.xml as part xczu28dr-ffvg1517-2-e specified in board_part file is either invalid or not available
WARNING: [Board 49-26] cannot add Board Part xilinx.com:zcu111:part0:1.4 available at C:/Xilinx/Vivado/2023.2/data/xhub/boards/XilinxBoardStore/boards/Xilinx/zcu111/1.4/board.xml as part xczu28dr-ffvg1517-2-e specified in board_part file is either invalid or not available
WARNING: [Board 49-26] cannot add Board Part xilinx.com:zcu1275:part0:1.0 available at C:/Xilinx/Vivado/2023.2/data/xhub/boards/XilinxBoardStore/boards/Xilinx/zcu1275/1.0/board.xml as part xczu29dr-ffvf1760-2-e specified in board_part file is either invalid or not available
WARNING: [Board 49-26] cannot add Board Part xilinx.com:zcu1285:part0:1.0 available at C:/Xilinx/Vivado/2023.2/data/xhub/boards/XilinxBoardStore/boards/Xilinx/zcu1285/1.0/board.xml as part xczu39dr-ffvf1760-2-i specified in board_part file is either invalid or not available
WARNING: [Board 49-26] cannot add Board Part xilinx.com:zcu208:part0:2.0 available at C:/Xilinx/Vivado/2023.2/data/xhub/boards/XilinxBoardStore/boards/Xilinx/zcu208/production/2.0/board.xml as part xczu48dr-fsvg1517-2-e specified in board_part file is either invalid or not available
WARNING: [Board 49-26] cannot add Board Part xilinx.com:zcu208ld:part0:2.0 available at C:/Xilinx/Vivado/2023.2/data/xhub/boards/XilinxBoardStore/boards/Xilinx/zcu208ld/production/2.0/board.xml as part xczu58dr-fsvg1517-2-i specified in board_part file is either invalid or not available
WARNING: [Board 49-26] cannot add Board Part xilinx.com:zcu216:part0:2.0 available at C:/Xilinx/Vivado/2023.2/data/xhub/boards/XilinxBoardStore/boards/Xilinx/zcu216/production/2.0/board.xml as part xczu49dr-ffvf1760-2-e specified in board_part file is either invalid or not available
WARNING: [Board 49-26] cannot add Board Part xilinx.com:zcu216ld:part0:2.0 available at C:/Xilinx/Vivado/2023.2/data/xhub/boards/XilinxBoardStore/boards/Xilinx/zcu216ld/production/2.0/board.xml as part xczu59dr-ffvf1760-2-i specified in board_part file is either invalid or not available
WARNING: [Board 49-26] cannot add Board Part xilinx.com:zcu670:part0:2.0 available at C:/Xilinx/Vivado/2023.2/data/xhub/boards/XilinxBoardStore/boards/Xilinx/zcu670/2.0/board.xml as part xczu67dr-fsve1156-2-i specified in board_part file is either invalid or not available
WARNING: [Board 49-26] cannot add Board Part xilinx.com:zcu670ld:part0:1.0 available at C:/Xilinx/Vivado/2023.2/data/xhub/boards/XilinxBoardStore/boards/Xilinx/zcu670ld/1.0/board.xml as part xczu57dr-fsve1156-2-i specified in board_part file is either invalid or not available
INFO: [filemgmt 56-3] Default IP Output Path : Could not find the directory 'E:/1.Studies/Semester 07/Advanced Digital Systems/Assignment Dr/AMBA_AHB_bus/AHB/AHB.gen/sources_1'.
Scanning sources...
Finished scanning sources
INFO: [IP_Flow 19-234] Refreshing IP repositories
INFO: [IP_Flow 19-1704] No user IP repositories specified
INFO: [IP_Flow 19-2313] Loaded Vivado IP repository 'C:/Xilinx/Vivado/2023.2/data/ip'.
open_project: Time (s): cpu = 00:00:22 ; elapsed = 00:00:11 . Memory (MB): peak = 1440.543 ; gain = 235.676
update_compile_order -fileset sources_1
launch_simulation
Command: launch_simulation 
INFO: [Vivado 12-12493] Simulation top is 'AHB_master_tb'
WARNING: [Vivado 12-13340] Unable to auto find GCC executables from simulator install path! (path not set)
INFO: [Vivado 12-5682] Launching behavioral simulation in 'E:/1.Studies/Semester 07/Advanced Digital Systems/Assignment Dr/AMBA_AHB_bus/AHB/AHB.sim/sim_1/behav/xsim'
INFO: [SIM-utils-51] Simulation object is 'sim_1'
INFO: [SIM-utils-72] Using boost library from 'C:/Xilinx/Vivado/2023.2/tps/boost_1_72_0'
INFO: [SIM-utils-54] Inspecting design source files for 'AHB_master_tb' in fileset 'sim_1'...
INFO: [USF-XSim-97] Finding global include files...
INFO: [USF-XSim-98] Fetching design files from 'sim_1'...
INFO: [USF-XSim-2] XSim::Compile design
INFO: [USF-XSim-61] Executing 'COMPILE and ANALYZE' step in 'E:/1.Studies/Semester 07/Advanced Digital Systems/Assignment Dr/AMBA_AHB_bus/AHB/AHB.sim/sim_1/behav/xsim'
"xvlog --incr --relax -prj AHB_master_tb_vlog.prj"
ECHO is off.
ECHO is off.
INFO: [VRFC 10-2263] Analyzing Verilog file "E:/1.Studies/Semester 07/Advanced Digital Systems/Assignment Dr/AMBA_AHB_bus/AHB/AHB.srcs/sources_1/new/AHB_addr_mux.v" into library xil_defaultlib
INFO: [VRFC 10-311] analyzing module AHB_addr_mux
INFO: [VRFC 10-2263] Analyzing Verilog file "E:/1.Studies/Semester 07/Advanced Digital Systems/Assignment Dr/AMBA_AHB_bus/AHB/AHB.srcs/sources_1/new/AHB_arbiter.v" into library xil_defaultlib
INFO: [VRFC 10-311] analyzing module AHB_arbiter
INFO: [VRFC 10-2263] Analyzing Verilog file "E:/1.Studies/Semester 07/Advanced Digital Systems/Assignment Dr/AMBA_AHB_bus/AHB/AHB.srcs/sources_1/new/AHB_decoder.v" into library xil_defaultlib
INFO: [VRFC 10-311] analyzing module AHB_decoder
INFO: [VRFC 10-2263] Analyzing Verilog file "E:/1.Studies/Semester 07/Advanced Digital Systems/Assignment Dr/AMBA_AHB_bus/AHB/AHB.srcs/sources_1/new/AHB_master.v" into library xil_defaultlib
INFO: [VRFC 10-311] analyzing module AHB_master
INFO: [VRFC 10-2263] Analyzing Verilog file "E:/1.Studies/Semester 07/Advanced Digital Systems/Assignment Dr/AMBA_AHB_bus/AHB/AHB.srcs/sources_1/new/AHB_master1_top.v" into library xil_defaultlib
INFO: [VRFC 10-311] analyzing module AHB_master1_top
INFO: [VRFC 10-2263] Analyzing Verilog file "E:/1.Studies/Semester 07/Advanced Digital Systems/Assignment Dr/AMBA_AHB_bus/AHB/AHB.srcs/sources_1/new/AHB_master2_module.v" into library xil_defaultlib
INFO: [VRFC 10-311] analyzing module AHB_master2_module
INFO: [VRFC 10-2263] Analyzing Verilog file "E:/1.Studies/Semester 07/Advanced Digital Systems/Assignment Dr/AMBA_AHB_bus/AHB/AHB.srcs/sources_1/new/AHB_master2_top.v" into library xil_defaultlib
INFO: [VRFC 10-311] analyzing module AHB_master2_top
INFO: [VRFC 10-2263] Analyzing Verilog file "E:/1.Studies/Semester 07/Advanced Digital Systems/Assignment Dr/AMBA_AHB_bus/AHB/AHB.srcs/sources_1/new/AHB_master3_interface.v" into library xil_defaultlib
INFO: [VRFC 10-311] analyzing module AHB_master3_interface
INFO: [VRFC 10-2263] Analyzing Verilog file "E:/1.Studies/Semester 07/Advanced Digital Systems/Assignment Dr/AMBA_AHB_bus/AHB/AHB.srcs/sources_1/new/AHB_master_module.v" into library xil_defaultlib
INFO: [VRFC 10-311] analyzing module AHB_master_module
INFO: [VRFC 10-2263] Analyzing Verilog file "E:/1.Studies/Semester 07/Advanced Digital Systems/Assignment Dr/AMBA_AHB_bus/AHB/AHB.srcs/sources_1/new/AHB_read_data_mux.v" into library xil_defaultlib
INFO: [VRFC 10-311] analyzing module AHB_read_data_mux
INFO: [VRFC 10-2263] Analyzing Verilog file "E:/1.Studies/Semester 07/Advanced Digital Systems/Assignment Dr/AMBA_AHB_bus/AHB/AHB.srcs/sources_1/new/AHB_slave.v" into library xil_defaultlib
INFO: [VRFC 10-311] analyzing module AHB_slave
INFO: [VRFC 10-2263] Analyzing Verilog file "E:/1.Studies/Semester 07/Advanced Digital Systems/Assignment Dr/AMBA_AHB_bus/AHB/AHB.srcs/sources_1/new/AHB_slave1_top.v" into library xil_defaultlib
INFO: [VRFC 10-311] analyzing module AHB_slave1_top
INFO: [VRFC 10-2263] Analyzing Verilog file "E:/1.Studies/Semester 07/Advanced Digital Systems/Assignment Dr/AMBA_AHB_bus/AHB/AHB.srcs/sources_1/new/AHB_slave2_module.v" into library xil_defaultlib
INFO: [VRFC 10-311] analyzing module AHB_slave2_module
INFO: [VRFC 10-2263] Analyzing Verilog file "E:/1.Studies/Semester 07/Advanced Digital Systems/Assignment Dr/AMBA_AHB_bus/AHB/AHB.srcs/sources_1/new/AHB_slave2_top.v" into library xil_defaultlib
INFO: [VRFC 10-311] analyzing module AHB_slave2_top
INFO: [VRFC 10-2263] Analyzing Verilog file "E:/1.Studies/Semester 07/Advanced Digital Systems/Assignment Dr/AMBA_AHB_bus/AHB/AHB.srcs/sources_1/new/AHB_slave3_module.v" into library xil_defaultlib
INFO: [VRFC 10-311] analyzing module AHB_slave3_module
INFO: [VRFC 10-2263] Analyzing Verilog file "E:/1.Studies/Semester 07/Advanced Digital Systems/Assignment Dr/AMBA_AHB_bus/AHB/AHB.srcs/sources_1/new/AHB_slave3_top.v" into library xil_defaultlib
INFO: [VRFC 10-311] analyzing module AHB_slave3_top
INFO: [VRFC 10-2263] Analyzing Verilog file "E:/1.Studies/Semester 07/Advanced Digital Systems/Assignment Dr/AMBA_AHB_bus/AHB/AHB.srcs/sources_1/new/AHB_slave4_interface.v" into library xil_defaultlib
INFO: [VRFC 10-311] analyzing module AHB_slave4_interface
INFO: [VRFC 10-2263] Analyzing Verilog file "E:/1.Studies/Semester 07/Advanced Digital Systems/Assignment Dr/AMBA_AHB_bus/AHB/AHB.srcs/sources_1/new/AHB_slave_module.v" into library xil_defaultlib
INFO: [VRFC 10-311] analyzing module AHB_slave_module
INFO: [VRFC 10-2263] Analyzing Verilog file "E:/1.Studies/Semester 07/Advanced Digital Systems/Assignment Dr/AMBA_AHB_bus/AHB/AHB.srcs/sources_1/new/AHB_top_module.v" into library xil_defaultlib
INFO: [VRFC 10-311] analyzing module AHB_top_module
INFO: [VRFC 10-2263] Analyzing Verilog file "E:/1.Studies/Semester 07/Advanced Digital Systems/Assignment Dr/AMBA_AHB_bus/AHB/AHB.srcs/sources_1/new/AHB_write_data_mux.v" into library xil_defaultlib
INFO: [VRFC 10-311] analyzing module AHB_write_data_mux
INFO: [VRFC 10-2263] Analyzing Verilog file "E:/1.Studies/Semester 07/Advanced Digital Systems/Assignment Dr/AMBA_AHB_bus/AHB/AHB.srcs/sim_1/new/AHB_master_tb.v" into library xil_defaultlib
INFO: [VRFC 10-311] analyzing module AHB_master_tb
INFO: [VRFC 10-2263] Analyzing Verilog file "E:/1.Studies/Semester 07/Advanced Digital Systems/Assignment Dr/AMBA_AHB_bus/AHB/AHB.sim/sim_1/behav/xsim/glbl.v" into library xil_defaultlib
INFO: [VRFC 10-311] analyzing module glbl
INFO: [USF-XSim-69] 'compile' step finished in '4' seconds
INFO: [USF-XSim-3] XSim::Elaborate design
INFO: [USF-XSim-61] Executing 'ELABORATE' step in 'E:/1.Studies/Semester 07/Advanced Digital Systems/Assignment Dr/AMBA_AHB_bus/AHB/AHB.sim/sim_1/behav/xsim'
"xelab --incr --debug typical --relax --mt 2 -L xil_defaultlib -L unisims_ver -L unimacro_ver -L secureip --snapshot AHB_master_tb_behav xil_defaultlib.AHB_master_tb xil_defaultlib.glbl -log elaborate.log"
ECHO is off.
ECHO is off.
Vivado Simulator v2023.2
Copyright 1986-2022 Xilinx, Inc. All Rights Reserved.
Copyright 2022-2023 Advanced Micro Devices, Inc. All Rights Reserved.
Running: C:/Xilinx/Vivado/2023.2/bin/unwrapped/win64.o/xelab.exe --incr --debug typical --relax --mt 2 -L xil_defaultlib -L unisims_ver -L unimacro_ver -L secureip --snapshot AHB_master_tb_behav xil_defaultlib.AHB_master_tb xil_defaultlib.glbl -log elaborate.log 
Using 2 slave threads.
Starting static elaboration
Pass Through NonSizing Optimizer
ERROR: [VRFC 10-3180] cannot find port 'dout' on this module [E:/1.Studies/Semester 07/Advanced Digital Systems/Assignment Dr/AMBA_AHB_bus/AHB/AHB.srcs/sources_1/new/AHB_top_module.v:274]
ERROR: [VRFC 10-3180] cannot find port 'addr_out' on this module [E:/1.Studies/Semester 07/Advanced Digital Systems/Assignment Dr/AMBA_AHB_bus/AHB/AHB.srcs/sources_1/new/AHB_top_module.v:272]
ERROR: [VRFC 10-3180] cannot find port 'hwdata_mux_out' on this module [E:/1.Studies/Semester 07/Advanced Digital Systems/Assignment Dr/AMBA_AHB_bus/AHB/AHB.srcs/sources_1/new/AHB_top_module.v:271]
ERROR: [VRFC 10-3180] cannot find port 'haddr_mux_out' on this module [E:/1.Studies/Semester 07/Advanced Digital Systems/Assignment Dr/AMBA_AHB_bus/AHB/AHB.srcs/sources_1/new/AHB_top_module.v:270]
ERROR: [VRFC 10-3180] cannot find port 'din' on this module [E:/1.Studies/Semester 07/Advanced Digital Systems/Assignment Dr/AMBA_AHB_bus/AHB/AHB.srcs/sources_1/new/AHB_top_module.v:267]
ERROR: [XSIM 43-3322] Static elaboration of top level Verilog design unit(s) in library work failed.
INFO: [USF-XSim-69] 'elaborate' step finished in '1' seconds
INFO: [USF-XSim-99] Step results log file:'E:/1.Studies/Semester 07/Advanced Digital Systems/Assignment Dr/AMBA_AHB_bus/AHB/AHB.sim/sim_1/behav/xsim/elaborate.log'
ERROR: [USF-XSim-62] 'elaborate' step failed with error(s). Please check the Tcl console output or 'E:/1.Studies/Semester 07/Advanced Digital Systems/Assignment Dr/AMBA_AHB_bus/AHB/AHB.sim/sim_1/behav/xsim/elaborate.log' file for more information.
ERROR: [Vivado 12-4473] Detected error while running simulation. Please correct the issue and retry this operation.
launch_simulation: Time (s): cpu = 00:00:01 ; elapsed = 00:00:06 . Memory (MB): peak = 1490.289 ; gain = 9.891
ERROR: [Common 17-39] 'launch_simulation' failed due to earlier errors.
WARNING: [filemgmt 56-199] Attempt to get parsing info during refresh. "On-the-fly" syntax checking information may be incorrect. [E:\1.Studies\Semester 07\Advanced Digital Systems\Assignment Dr\AMBA_AHB_bus\AHB\AHB.srcs\sim_1\new\AHB_master_tb.v:]
WARNING: [filemgmt 56-199] Attempt to get parsing info during refresh. "On-the-fly" syntax checking information may be incorrect. [E:\1.Studies\Semester 07\Advanced Digital Systems\Assignment Dr\AMBA_AHB_bus\AHB\AHB.srcs\sources_1\new\AHB_slave.v:]
WARNING: [filemgmt 56-199] Attempt to get parsing info during refresh. "On-the-fly" syntax checking information may be incorrect. [E:\1.Studies\Semester 07\Advanced Digital Systems\Assignment Dr\AMBA_AHB_bus\AHB\AHB.srcs\sources_1\new\AHB_top_module.v:]
WARNING: [filemgmt 56-199] Attempt to get parsing info during refresh. "On-the-fly" syntax checking information may be incorrect. [E:\1.Studies\Semester 07\Advanced Digital Systems\Assignment Dr\AMBA_AHB_bus\AHB\AHB.srcs\sources_1\new\AHB_slave1_top.v:]
WARNING: [filemgmt 56-199] Attempt to get parsing info during refresh. "On-the-fly" syntax checking information may be incorrect. [E:\1.Studies\Semester 07\Advanced Digital Systems\Assignment Dr\AMBA_AHB_bus\AHB\AHB.srcs\sources_1\new\AHB_master_module.v:]
WARNING: [filemgmt 56-199] Attempt to get parsing info during refresh. "On-the-fly" syntax checking information may be incorrect. [E:\1.Studies\Semester 07\Advanced Digital Systems\Assignment Dr\AMBA_AHB_bus\AHB\AHB.srcs\sources_1\new\AHB_slave4_interface.v:]
WARNING: [filemgmt 56-199] Attempt to get parsing info during refresh. "On-the-fly" syntax checking information may be incorrect. [E:\1.Studies\Semester 07\Advanced Digital Systems\Assignment Dr\AMBA_AHB_bus\AHB\AHB.srcs\sources_1\new\AHB_slave_module.v:]
WARNING: [filemgmt 56-199] Attempt to get parsing info during refresh. "On-the-fly" syntax checking information may be incorrect. [E:\1.Studies\Semester 07\Advanced Digital Systems\Assignment Dr\AMBA_AHB_bus\AHB\AHB.srcs\sim_1\new\AHB_master_tb.v:]
WARNING: [filemgmt 56-199] Attempt to get parsing info during refresh. "On-the-fly" syntax checking information may be incorrect. [E:\1.Studies\Semester 07\Advanced Digital Systems\Assignment Dr\AMBA_AHB_bus\AHB\AHB.srcs\sources_1\new\AHB_slave.v:]
WARNING: [filemgmt 56-199] Attempt to get parsing info during refresh. "On-the-fly" syntax checking information may be incorrect. [E:\1.Studies\Semester 07\Advanced Digital Systems\Assignment Dr\AMBA_AHB_bus\AHB\AHB.srcs\sources_1\new\AHB_top_module.v:]
WARNING: [filemgmt 56-199] Attempt to get parsing info during refresh. "On-the-fly" syntax checking information may be incorrect. [E:\1.Studies\Semester 07\Advanced Digital Systems\Assignment Dr\AMBA_AHB_bus\AHB\AHB.srcs\sources_1\new\AHB_slave1_top.v:]
WARNING: [filemgmt 56-199] Attempt to get parsing info during refresh. "On-the-fly" syntax checking information may be incorrect. [E:\1.Studies\Semester 07\Advanced Digital Systems\Assignment Dr\AMBA_AHB_bus\AHB\AHB.srcs\sources_1\new\AHB_master_module.v:]
WARNING: [filemgmt 56-199] Attempt to get parsing info during refresh. "On-the-fly" syntax checking information may be incorrect. [E:\1.Studies\Semester 07\Advanced Digital Systems\Assignment Dr\AMBA_AHB_bus\AHB\AHB.srcs\sources_1\new\AHB_slave4_interface.v:]
WARNING: [filemgmt 56-199] Attempt to get parsing info during refresh. "On-the-fly" syntax checking information may be incorrect. [E:\1.Studies\Semester 07\Advanced Digital Systems\Assignment Dr\AMBA_AHB_bus\AHB\AHB.srcs\sources_1\new\AHB_slave_module.v:]
WARNING: [filemgmt 56-199] Attempt to get parsing info during refresh. "On-the-fly" syntax checking information may be incorrect. [E:\1.Studies\Semester 07\Advanced Digital Systems\Assignment Dr\AMBA_AHB_bus\AHB\AHB.srcs\sim_1\new\AHB_master_tb.v:]
WARNING: [filemgmt 56-199] Attempt to get parsing info during refresh. "On-the-fly" syntax checking information may be incorrect. [E:\1.Studies\Semester 07\Advanced Digital Systems\Assignment Dr\AMBA_AHB_bus\AHB\AHB.srcs\sources_1\new\AHB_slave.v:]
WARNING: [filemgmt 56-199] Attempt to get parsing info during refresh. "On-the-fly" syntax checking information may be incorrect. [E:\1.Studies\Semester 07\Advanced Digital Systems\Assignment Dr\AMBA_AHB_bus\AHB\AHB.srcs\sources_1\new\AHB_top_module.v:]
WARNING: [filemgmt 56-199] Attempt to get parsing info during refresh. "On-the-fly" syntax checking information may be incorrect. [E:\1.Studies\Semester 07\Advanced Digital Systems\Assignment Dr\AMBA_AHB_bus\AHB\AHB.srcs\sources_1\new\AHB_slave1_top.v:]
WARNING: [filemgmt 56-199] Attempt to get parsing info during refresh. "On-the-fly" syntax checking information may be incorrect. [E:\1.Studies\Semester 07\Advanced Digital Systems\Assignment Dr\AMBA_AHB_bus\AHB\AHB.srcs\sources_1\new\AHB_master_module.v:]
WARNING: [filemgmt 56-199] Attempt to get parsing info during refresh. "On-the-fly" syntax checking information may be incorrect. [E:\1.Studies\Semester 07\Advanced Digital Systems\Assignment Dr\AMBA_AHB_bus\AHB\AHB.srcs\sources_1\new\AHB_slave4_interface.v:]
WARNING: [filemgmt 56-199] Attempt to get parsing info during refresh. "On-the-fly" syntax checking information may be incorrect. [E:\1.Studies\Semester 07\Advanced Digital Systems\Assignment Dr\AMBA_AHB_bus\AHB\AHB.srcs\sources_1\new\AHB_slave_module.v:]
WARNING: [filemgmt 56-199] Attempt to get parsing info during refresh. "On-the-fly" syntax checking information may be incorrect. [E:\1.Studies\Semester 07\Advanced Digital Systems\Assignment Dr\AMBA_AHB_bus\AHB\AHB.srcs\sim_1\new\AHB_master_tb.v:]
WARNING: [filemgmt 56-199] Attempt to get parsing info during refresh. "On-the-fly" syntax checking information may be incorrect. [E:\1.Studies\Semester 07\Advanced Digital Systems\Assignment Dr\AMBA_AHB_bus\AHB\AHB.srcs\sources_1\new\AHB_slave.v:]
WARNING: [filemgmt 56-199] Attempt to get parsing info during refresh. "On-the-fly" syntax checking information may be incorrect. [E:\1.Studies\Semester 07\Advanced Digital Systems\Assignment Dr\AMBA_AHB_bus\AHB\AHB.srcs\sources_1\new\AHB_top_module.v:]
WARNING: [filemgmt 56-199] Attempt to get parsing info during refresh. "On-the-fly" syntax checking information may be incorrect. [E:\1.Studies\Semester 07\Advanced Digital Systems\Assignment Dr\AMBA_AHB_bus\AHB\AHB.srcs\sources_1\new\AHB_slave1_top.v:]
WARNING: [filemgmt 56-199] Attempt to get parsing info during refresh. "On-the-fly" syntax checking information may be incorrect. [E:\1.Studies\Semester 07\Advanced Digital Systems\Assignment Dr\AMBA_AHB_bus\AHB\AHB.srcs\sources_1\new\AHB_master_module.v:]
WARNING: [filemgmt 56-199] Attempt to get parsing info during refresh. "On-the-fly" syntax checking information may be incorrect. [E:\1.Studies\Semester 07\Advanced Digital Systems\Assignment Dr\AMBA_AHB_bus\AHB\AHB.srcs\sources_1\new\AHB_slave4_interface.v:]
WARNING: [filemgmt 56-199] Attempt to get parsing info during refresh. "On-the-fly" syntax checking information may be incorrect. [E:\1.Studies\Semester 07\Advanced Digital Systems\Assignment Dr\AMBA_AHB_bus\AHB\AHB.srcs\sources_1\new\AHB_slave_module.v:]
WARNING: [filemgmt 56-199] Attempt to get parsing info during refresh. "On-the-fly" syntax checking information may be incorrect. [E:\1.Studies\Semester 07\Advanced Digital Systems\Assignment Dr\AMBA_AHB_bus\AHB\AHB.srcs\sim_1\new\AHB_master_tb.v:]
WARNING: [filemgmt 56-199] Attempt to get parsing info during refresh. "On-the-fly" syntax checking information may be incorrect. [E:\1.Studies\Semester 07\Advanced Digital Systems\Assignment Dr\AMBA_AHB_bus\AHB\AHB.srcs\sources_1\new\AHB_slave.v:]
WARNING: [filemgmt 56-199] Attempt to get parsing info during refresh. "On-the-fly" syntax checking information may be incorrect. [E:\1.Studies\Semester 07\Advanced Digital Systems\Assignment Dr\AMBA_AHB_bus\AHB\AHB.srcs\sources_1\new\AHB_top_module.v:]
WARNING: [filemgmt 56-199] Attempt to get parsing info during refresh. "On-the-fly" syntax checking information may be incorrect. [E:\1.Studies\Semester 07\Advanced Digital Systems\Assignment Dr\AMBA_AHB_bus\AHB\AHB.srcs\sources_1\new\AHB_slave1_top.v:]
WARNING: [filemgmt 56-199] Attempt to get parsing info during refresh. "On-the-fly" syntax checking information may be incorrect. [E:\1.Studies\Semester 07\Advanced Digital Systems\Assignment Dr\AMBA_AHB_bus\AHB\AHB.srcs\sources_1\new\AHB_master_module.v:]
WARNING: [filemgmt 56-199] Attempt to get parsing info during refresh. "On-the-fly" syntax checking information may be incorrect. [E:\1.Studies\Semester 07\Advanced Digital Systems\Assignment Dr\AMBA_AHB_bus\AHB\AHB.srcs\sources_1\new\AHB_slave4_interface.v:]
WARNING: [filemgmt 56-199] Attempt to get parsing info during refresh. "On-the-fly" syntax checking information may be incorrect. [E:\1.Studies\Semester 07\Advanced Digital Systems\Assignment Dr\AMBA_AHB_bus\AHB\AHB.srcs\sources_1\new\AHB_slave_module.v:]
WARNING: [filemgmt 56-199] Attempt to get parsing info during refresh. "On-the-fly" syntax checking information may be incorrect. [E:\1.Studies\Semester 07\Advanced Digital Systems\Assignment Dr\AMBA_AHB_bus\AHB\AHB.srcs\sim_1\new\AHB_master_tb.v:]
WARNING: [filemgmt 56-199] Attempt to get parsing info during refresh. "On-the-fly" syntax checking information may be incorrect. [E:\1.Studies\Semester 07\Advanced Digital Systems\Assignment Dr\AMBA_AHB_bus\AHB\AHB.srcs\sources_1\new\AHB_slave.v:]
WARNING: [filemgmt 56-199] Attempt to get parsing info during refresh. "On-the-fly" syntax checking information may be incorrect. [E:\1.Studies\Semester 07\Advanced Digital Systems\Assignment Dr\AMBA_AHB_bus\AHB\AHB.srcs\sources_1\new\AHB_top_module.v:]
WARNING: [filemgmt 56-199] Attempt to get parsing info during refresh. "On-the-fly" syntax checking information may be incorrect. [E:\1.Studies\Semester 07\Advanced Digital Systems\Assignment Dr\AMBA_AHB_bus\AHB\AHB.srcs\sources_1\new\AHB_slave1_top.v:]
WARNING: [filemgmt 56-199] Attempt to get parsing info during refresh. "On-the-fly" syntax checking information may be incorrect. [E:\1.Studies\Semester 07\Advanced Digital Systems\Assignment Dr\AMBA_AHB_bus\AHB\AHB.srcs\sources_1\new\AHB_master_module.v:]
WARNING: [filemgmt 56-199] Attempt to get parsing info during refresh. "On-the-fly" syntax checking information may be incorrect. [E:\1.Studies\Semester 07\Advanced Digital Systems\Assignment Dr\AMBA_AHB_bus\AHB\AHB.srcs\sources_1\new\AHB_slave4_interface.v:]
WARNING: [filemgmt 56-199] Attempt to get parsing info during refresh. "On-the-fly" syntax checking information may be incorrect. [E:\1.Studies\Semester 07\Advanced Digital Systems\Assignment Dr\AMBA_AHB_bus\AHB\AHB.srcs\sources_1\new\AHB_slave_module.v:]
update_compile_order -fileset sources_1
ERROR: [Common 17-180] Spawn failed: No error
WARNING: [filemgmt 56-199] Attempt to get parsing info during refresh. "On-the-fly" syntax checking information may be incorrect. [E:\1.Studies\Semester 07\Advanced Digital Systems\Assignment Dr\AMBA_AHB_bus\AHB\AHB.srcs\sim_1\new\AHB_master_tb.v:]
WARNING: [filemgmt 56-199] Attempt to get parsing info during refresh. "On-the-fly" syntax checking information may be incorrect. [E:\1.Studies\Semester 07\Advanced Digital Systems\Assignment Dr\AMBA_AHB_bus\AHB\AHB.srcs\sources_1\new\AHB_slave.v:]
WARNING: [filemgmt 56-199] Attempt to get parsing info during refresh. "On-the-fly" syntax checking information may be incorrect. [E:\1.Studies\Semester 07\Advanced Digital Systems\Assignment Dr\AMBA_AHB_bus\AHB\AHB.srcs\sources_1\new\AHB_top_module.v:]
WARNING: [filemgmt 56-199] Attempt to get parsing info during refresh. "On-the-fly" syntax checking information may be incorrect. [E:\1.Studies\Semester 07\Advanced Digital Systems\Assignment Dr\AMBA_AHB_bus\AHB\AHB.srcs\sources_1\new\AHB_slave1_top.v:]
WARNING: [filemgmt 56-199] Attempt to get parsing info during refresh. "On-the-fly" syntax checking information may be incorrect. [E:\1.Studies\Semester 07\Advanced Digital Systems\Assignment Dr\AMBA_AHB_bus\AHB\AHB.srcs\sources_1\new\AHB_master_module.v:]
WARNING: [filemgmt 56-199] Attempt to get parsing info during refresh. "On-the-fly" syntax checking information may be incorrect. [E:\1.Studies\Semester 07\Advanced Digital Systems\Assignment Dr\AMBA_AHB_bus\AHB\AHB.srcs\sources_1\new\AHB_slave4_interface.v:]
WARNING: [filemgmt 56-199] Attempt to get parsing info during refresh. "On-the-fly" syntax checking information may be incorrect. [E:\1.Studies\Semester 07\Advanced Digital Systems\Assignment Dr\AMBA_AHB_bus\AHB\AHB.srcs\sources_1\new\AHB_slave_module.v:]
WARNING: [filemgmt 56-199] Attempt to get parsing info during refresh. "On-the-fly" syntax checking information may be incorrect. [E:\1.Studies\Semester 07\Advanced Digital Systems\Assignment Dr\AMBA_AHB_bus\AHB\AHB.srcs\sim_1\new\AHB_master_tb.v:]
WARNING: [filemgmt 56-199] Attempt to get parsing info during refresh. "On-the-fly" syntax checking information may be incorrect. [E:\1.Studies\Semester 07\Advanced Digital Systems\Assignment Dr\AMBA_AHB_bus\AHB\AHB.srcs\sources_1\new\AHB_slave.v:]
WARNING: [filemgmt 56-199] Attempt to get parsing info during refresh. "On-the-fly" syntax checking information may be incorrect. [E:\1.Studies\Semester 07\Advanced Digital Systems\Assignment Dr\AMBA_AHB_bus\AHB\AHB.srcs\sources_1\new\AHB_top_module.v:]
WARNING: [filemgmt 56-199] Attempt to get parsing info during refresh. "On-the-fly" syntax checking information may be incorrect. [E:\1.Studies\Semester 07\Advanced Digital Systems\Assignment Dr\AMBA_AHB_bus\AHB\AHB.srcs\sources_1\new\AHB_slave1_top.v:]
WARNING: [filemgmt 56-199] Attempt to get parsing info during refresh. "On-the-fly" syntax checking information may be incorrect. [E:\1.Studies\Semester 07\Advanced Digital Systems\Assignment Dr\AMBA_AHB_bus\AHB\AHB.srcs\sources_1\new\AHB_master_module.v:]
WARNING: [filemgmt 56-199] Attempt to get parsing info during refresh. "On-the-fly" syntax checking information may be incorrect. [E:\1.Studies\Semester 07\Advanced Digital Systems\Assignment Dr\AMBA_AHB_bus\AHB\AHB.srcs\sources_1\new\AHB_slave4_interface.v:]
WARNING: [filemgmt 56-199] Attempt to get parsing info during refresh. "On-the-fly" syntax checking information may be incorrect. [E:\1.Studies\Semester 07\Advanced Digital Systems\Assignment Dr\AMBA_AHB_bus\AHB\AHB.srcs\sources_1\new\AHB_slave_module.v:]
WARNING: [filemgmt 56-199] Attempt to get parsing info during refresh. "On-the-fly" syntax checking information may be incorrect. [E:\1.Studies\Semester 07\Advanced Digital Systems\Assignment Dr\AMBA_AHB_bus\AHB\AHB.srcs\sim_1\new\AHB_master_tb.v:]
WARNING: [filemgmt 56-199] Attempt to get parsing info during refresh. "On-the-fly" syntax checking information may be incorrect. [E:\1.Studies\Semester 07\Advanced Digital Systems\Assignment Dr\AMBA_AHB_bus\AHB\AHB.srcs\sources_1\new\AHB_slave.v:]
WARNING: [filemgmt 56-199] Attempt to get parsing info during refresh. "On-the-fly" syntax checking information may be incorrect. [E:\1.Studies\Semester 07\Advanced Digital Systems\Assignment Dr\AMBA_AHB_bus\AHB\AHB.srcs\sources_1\new\AHB_top_module.v:]
WARNING: [filemgmt 56-199] Attempt to get parsing info during refresh. "On-the-fly" syntax checking information may be incorrect. [E:\1.Studies\Semester 07\Advanced Digital Systems\Assignment Dr\AMBA_AHB_bus\AHB\AHB.srcs\sources_1\new\AHB_slave1_top.v:]
WARNING: [filemgmt 56-199] Attempt to get parsing info during refresh. "On-the-fly" syntax checking information may be incorrect. [E:\1.Studies\Semester 07\Advanced Digital Systems\Assignment Dr\AMBA_AHB_bus\AHB\AHB.srcs\sources_1\new\AHB_master_module.v:]
WARNING: [filemgmt 56-199] Attempt to get parsing info during refresh. "On-the-fly" syntax checking information may be incorrect. [E:\1.Studies\Semester 07\Advanced Digital Systems\Assignment Dr\AMBA_AHB_bus\AHB\AHB.srcs\sources_1\new\AHB_slave4_interface.v:]
WARNING: [filemgmt 56-199] Attempt to get parsing info during refresh. "On-the-fly" syntax checking information may be incorrect. [E:\1.Studies\Semester 07\Advanced Digital Systems\Assignment Dr\AMBA_AHB_bus\AHB\AHB.srcs\sources_1\new\AHB_slave_module.v:]
WARNING: [filemgmt 56-199] Attempt to get parsing info during refresh. "On-the-fly" syntax checking information may be incorrect. [E:\1.Studies\Semester 07\Advanced Digital Systems\Assignment Dr\AMBA_AHB_bus\AHB\AHB.srcs\sim_1\new\AHB_master_tb.v:]
WARNING: [filemgmt 56-199] Attempt to get parsing info during refresh. "On-the-fly" syntax checking information may be incorrect. [E:\1.Studies\Semester 07\Advanced Digital Systems\Assignment Dr\AMBA_AHB_bus\AHB\AHB.srcs\sources_1\new\AHB_slave.v:]
WARNING: [filemgmt 56-199] Attempt to get parsing info during refresh. "On-the-fly" syntax checking information may be incorrect. [E:\1.Studies\Semester 07\Advanced Digital Systems\Assignment Dr\AMBA_AHB_bus\AHB\AHB.srcs\sources_1\new\AHB_top_module.v:]
WARNING: [filemgmt 56-199] Attempt to get parsing info during refresh. "On-the-fly" syntax checking information may be incorrect. [E:\1.Studies\Semester 07\Advanced Digital Systems\Assignment Dr\AMBA_AHB_bus\AHB\AHB.srcs\sources_1\new\AHB_slave1_top.v:]
WARNING: [filemgmt 56-199] Attempt to get parsing info during refresh. "On-the-fly" syntax checking information may be incorrect. [E:\1.Studies\Semester 07\Advanced Digital Systems\Assignment Dr\AMBA_AHB_bus\AHB\AHB.srcs\sources_1\new\AHB_master_module.v:]
WARNING: [filemgmt 56-199] Attempt to get parsing info during refresh. "On-the-fly" syntax checking information may be incorrect. [E:\1.Studies\Semester 07\Advanced Digital Systems\Assignment Dr\AMBA_AHB_bus\AHB\AHB.srcs\sources_1\new\AHB_slave4_interface.v:]
WARNING: [filemgmt 56-199] Attempt to get parsing info during refresh. "On-the-fly" syntax checking information may be incorrect. [E:\1.Studies\Semester 07\Advanced Digital Systems\Assignment Dr\AMBA_AHB_bus\AHB\AHB.srcs\sources_1\new\AHB_slave_module.v:]
WARNING: [filemgmt 56-199] Attempt to get parsing info during refresh. "On-the-fly" syntax checking information may be incorrect. [E:\1.Studies\Semester 07\Advanced Digital Systems\Assignment Dr\AMBA_AHB_bus\AHB\AHB.srcs\sim_1\new\AHB_master_tb.v:]
WARNING: [filemgmt 56-199] Attempt to get parsing info during refresh. "On-the-fly" syntax checking information may be incorrect. [E:\1.Studies\Semester 07\Advanced Digital Systems\Assignment Dr\AMBA_AHB_bus\AHB\AHB.srcs\sources_1\new\AHB_slave.v:]
WARNING: [filemgmt 56-199] Attempt to get parsing info during refresh. "On-the-fly" syntax checking information may be incorrect. [E:\1.Studies\Semester 07\Advanced Digital Systems\Assignment Dr\AMBA_AHB_bus\AHB\AHB.srcs\sources_1\new\AHB_top_module.v:]
WARNING: [filemgmt 56-199] Attempt to get parsing info during refresh. "On-the-fly" syntax checking information may be incorrect. [E:\1.Studies\Semester 07\Advanced Digital Systems\Assignment Dr\AMBA_AHB_bus\AHB\AHB.srcs\sources_1\new\AHB_slave1_top.v:]
WARNING: [filemgmt 56-199] Attempt to get parsing info during refresh. "On-the-fly" syntax checking information may be incorrect. [E:\1.Studies\Semester 07\Advanced Digital Systems\Assignment Dr\AMBA_AHB_bus\AHB\AHB.srcs\sources_1\new\AHB_master_module.v:]
WARNING: [filemgmt 56-199] Attempt to get parsing info during refresh. "On-the-fly" syntax checking information may be incorrect. [E:\1.Studies\Semester 07\Advanced Digital Systems\Assignment Dr\AMBA_AHB_bus\AHB\AHB.srcs\sources_1\new\AHB_slave4_interface.v:]
WARNING: [filemgmt 56-199] Attempt to get parsing info during refresh. "On-the-fly" syntax checking information may be incorrect. [E:\1.Studies\Semester 07\Advanced Digital Systems\Assignment Dr\AMBA_AHB_bus\AHB\AHB.srcs\sources_1\new\AHB_slave_module.v:]
WARNING: [filemgmt 56-199] Attempt to get parsing info during refresh. "On-the-fly" syntax checking information may be incorrect. [E:\1.Studies\Semester 07\Advanced Digital Systems\Assignment Dr\AMBA_AHB_bus\AHB\AHB.srcs\sim_1\new\AHB_master_tb.v:]
WARNING: [filemgmt 56-199] Attempt to get parsing info during refresh. "On-the-fly" syntax checking information may be incorrect. [E:\1.Studies\Semester 07\Advanced Digital Systems\Assignment Dr\AMBA_AHB_bus\AHB\AHB.srcs\sources_1\new\AHB_slave.v:]
WARNING: [filemgmt 56-199] Attempt to get parsing info during refresh. "On-the-fly" syntax checking information may be incorrect. [E:\1.Studies\Semester 07\Advanced Digital Systems\Assignment Dr\AMBA_AHB_bus\AHB\AHB.srcs\sources_1\new\AHB_top_module.v:]
WARNING: [filemgmt 56-199] Attempt to get parsing info during refresh. "On-the-fly" syntax checking information may be incorrect. [E:\1.Studies\Semester 07\Advanced Digital Systems\Assignment Dr\AMBA_AHB_bus\AHB\AHB.srcs\sources_1\new\AHB_slave1_top.v:]
WARNING: [filemgmt 56-199] Attempt to get parsing info during refresh. "On-the-fly" syntax checking information may be incorrect. [E:\1.Studies\Semester 07\Advanced Digital Systems\Assignment Dr\AMBA_AHB_bus\AHB\AHB.srcs\sources_1\new\AHB_master_module.v:]
WARNING: [filemgmt 56-199] Attempt to get parsing info during refresh. "On-the-fly" syntax checking information may be incorrect. [E:\1.Studies\Semester 07\Advanced Digital Systems\Assignment Dr\AMBA_AHB_bus\AHB\AHB.srcs\sources_1\new\AHB_slave4_interface.v:]
WARNING: [filemgmt 56-199] Attempt to get parsing info during refresh. "On-the-fly" syntax checking information may be incorrect. [E:\1.Studies\Semester 07\Advanced Digital Systems\Assignment Dr\AMBA_AHB_bus\AHB\AHB.srcs\sources_1\new\AHB_slave_module.v:]
launch_simulation
Command: launch_simulation 
INFO: [Vivado 12-12493] Simulation top is 'AHB_master_tb'
WARNING: [Vivado 12-13340] Unable to auto find GCC executables from simulator install path! (path not set)
INFO: [Vivado 12-5682] Launching behavioral simulation in 'E:/1.Studies/Semester 07/Advanced Digital Systems/Assignment Dr/AMBA_AHB_bus/AHB/AHB.sim/sim_1/behav/xsim'
INFO: [SIM-utils-51] Simulation object is 'sim_1'
INFO: [SIM-utils-72] Using boost library from 'C:/Xilinx/Vivado/2023.2/tps/boost_1_72_0'
INFO: [SIM-utils-54] Inspecting design source files for 'AHB_master_tb' in fileset 'sim_1'...
INFO: [USF-XSim-97] Finding global include files...
INFO: [USF-XSim-98] Fetching design files from 'sim_1'...
INFO: [USF-XSim-2] XSim::Compile design
INFO: [USF-XSim-61] Executing 'COMPILE and ANALYZE' step in 'E:/1.Studies/Semester 07/Advanced Digital Systems/Assignment Dr/AMBA_AHB_bus/AHB/AHB.sim/sim_1/behav/xsim'
"xvlog --incr --relax -prj AHB_master_tb_vlog.prj"
ECHO is off.
ECHO is off.
INFO: [VRFC 10-2263] Analyzing Verilog file "E:/1.Studies/Semester 07/Advanced Digital Systems/Assignment Dr/AMBA_AHB_bus/AHB/AHB.srcs/sources_1/new/AHB_addr_mux.v" into library xil_defaultlib
INFO: [VRFC 10-311] analyzing module AHB_addr_mux
INFO: [VRFC 10-2263] Analyzing Verilog file "E:/1.Studies/Semester 07/Advanced Digital Systems/Assignment Dr/AMBA_AHB_bus/AHB/AHB.srcs/sources_1/new/AHB_arbiter.v" into library xil_defaultlib
INFO: [VRFC 10-311] analyzing module AHB_arbiter
INFO: [VRFC 10-2263] Analyzing Verilog file "E:/1.Studies/Semester 07/Advanced Digital Systems/Assignment Dr/AMBA_AHB_bus/AHB/AHB.srcs/sources_1/new/AHB_decoder.v" into library xil_defaultlib
INFO: [VRFC 10-311] analyzing module AHB_decoder
INFO: [VRFC 10-2263] Analyzing Verilog file "E:/1.Studies/Semester 07/Advanced Digital Systems/Assignment Dr/AMBA_AHB_bus/AHB/AHB.srcs/sources_1/new/AHB_master.v" into library xil_defaultlib
INFO: [VRFC 10-311] analyzing module AHB_master
INFO: [VRFC 10-2263] Analyzing Verilog file "E:/1.Studies/Semester 07/Advanced Digital Systems/Assignment Dr/AMBA_AHB_bus/AHB/AHB.srcs/sources_1/new/AHB_master1_top.v" into library xil_defaultlib
INFO: [VRFC 10-311] analyzing module AHB_master1_top
INFO: [VRFC 10-2263] Analyzing Verilog file "E:/1.Studies/Semester 07/Advanced Digital Systems/Assignment Dr/AMBA_AHB_bus/AHB/AHB.srcs/sources_1/new/AHB_master2_module.v" into library xil_defaultlib
INFO: [VRFC 10-311] analyzing module AHB_master2_module
INFO: [VRFC 10-2263] Analyzing Verilog file "E:/1.Studies/Semester 07/Advanced Digital Systems/Assignment Dr/AMBA_AHB_bus/AHB/AHB.srcs/sources_1/new/AHB_master2_top.v" into library xil_defaultlib
INFO: [VRFC 10-311] analyzing module AHB_master2_top
INFO: [VRFC 10-2263] Analyzing Verilog file "E:/1.Studies/Semester 07/Advanced Digital Systems/Assignment Dr/AMBA_AHB_bus/AHB/AHB.srcs/sources_1/new/AHB_master3_interface.v" into library xil_defaultlib
INFO: [VRFC 10-311] analyzing module AHB_master3_interface
INFO: [VRFC 10-2263] Analyzing Verilog file "E:/1.Studies/Semester 07/Advanced Digital Systems/Assignment Dr/AMBA_AHB_bus/AHB/AHB.srcs/sources_1/new/AHB_master_module.v" into library xil_defaultlib
INFO: [VRFC 10-311] analyzing module AHB_master_module
INFO: [VRFC 10-2263] Analyzing Verilog file "E:/1.Studies/Semester 07/Advanced Digital Systems/Assignment Dr/AMBA_AHB_bus/AHB/AHB.srcs/sources_1/new/AHB_read_data_mux.v" into library xil_defaultlib
INFO: [VRFC 10-311] analyzing module AHB_read_data_mux
INFO: [VRFC 10-2263] Analyzing Verilog file "E:/1.Studies/Semester 07/Advanced Digital Systems/Assignment Dr/AMBA_AHB_bus/AHB/AHB.srcs/sources_1/new/AHB_slave.v" into library xil_defaultlib
INFO: [VRFC 10-311] analyzing module AHB_slave
INFO: [VRFC 10-2263] Analyzing Verilog file "E:/1.Studies/Semester 07/Advanced Digital Systems/Assignment Dr/AMBA_AHB_bus/AHB/AHB.srcs/sources_1/new/AHB_slave1_top.v" into library xil_defaultlib
INFO: [VRFC 10-311] analyzing module AHB_slave1_top
INFO: [VRFC 10-2263] Analyzing Verilog file "E:/1.Studies/Semester 07/Advanced Digital Systems/Assignment Dr/AMBA_AHB_bus/AHB/AHB.srcs/sources_1/new/AHB_slave2_module.v" into library xil_defaultlib
INFO: [VRFC 10-311] analyzing module AHB_slave2_module
INFO: [VRFC 10-2263] Analyzing Verilog file "E:/1.Studies/Semester 07/Advanced Digital Systems/Assignment Dr/AMBA_AHB_bus/AHB/AHB.srcs/sources_1/new/AHB_slave2_top.v" into library xil_defaultlib
INFO: [VRFC 10-311] analyzing module AHB_slave2_top
INFO: [VRFC 10-2263] Analyzing Verilog file "E:/1.Studies/Semester 07/Advanced Digital Systems/Assignment Dr/AMBA_AHB_bus/AHB/AHB.srcs/sources_1/new/AHB_slave3_module.v" into library xil_defaultlib
INFO: [VRFC 10-311] analyzing module AHB_slave3_module
INFO: [VRFC 10-2263] Analyzing Verilog file "E:/1.Studies/Semester 07/Advanced Digital Systems/Assignment Dr/AMBA_AHB_bus/AHB/AHB.srcs/sources_1/new/AHB_slave3_top.v" into library xil_defaultlib
INFO: [VRFC 10-311] analyzing module AHB_slave3_top
INFO: [VRFC 10-2263] Analyzing Verilog file "E:/1.Studies/Semester 07/Advanced Digital Systems/Assignment Dr/AMBA_AHB_bus/AHB/AHB.srcs/sources_1/new/AHB_slave_module.v" into library xil_defaultlib
INFO: [VRFC 10-311] analyzing module AHB_slave_module
INFO: [VRFC 10-2263] Analyzing Verilog file "E:/1.Studies/Semester 07/Advanced Digital Systems/Assignment Dr/AMBA_AHB_bus/AHB/AHB.srcs/sources_1/new/AHB_top_module.v" into library xil_defaultlib
INFO: [VRFC 10-311] analyzing module AHB_top_module
INFO: [VRFC 10-2263] Analyzing Verilog file "E:/1.Studies/Semester 07/Advanced Digital Systems/Assignment Dr/AMBA_AHB_bus/AHB/AHB.srcs/sources_1/new/AHB_write_data_mux.v" into library xil_defaultlib
INFO: [VRFC 10-311] analyzing module AHB_write_data_mux
INFO: [VRFC 10-2263] Analyzing Verilog file "E:/1.Studies/Semester 07/Advanced Digital Systems/Assignment Dr/AMBA_AHB_bus/AHB/AHB.srcs/sim_1/new/AHB_master_tb.v" into library xil_defaultlib
INFO: [VRFC 10-311] analyzing module AHB_master_tb
INFO: [USF-XSim-69] 'compile' step finished in '3' seconds
INFO: [USF-XSim-3] XSim::Elaborate design
INFO: [USF-XSim-61] Executing 'ELABORATE' step in 'E:/1.Studies/Semester 07/Advanced Digital Systems/Assignment Dr/AMBA_AHB_bus/AHB/AHB.sim/sim_1/behav/xsim'
"xelab --incr --debug typical --relax --mt 2 -L xil_defaultlib -L unisims_ver -L unimacro_ver -L secureip --snapshot AHB_master_tb_behav xil_defaultlib.AHB_master_tb xil_defaultlib.glbl -log elaborate.log"
ECHO is off.
ECHO is off.
Vivado Simulator v2023.2
Copyright 1986-2022 Xilinx, Inc. All Rights Reserved.
Copyright 2022-2023 Advanced Micro Devices, Inc. All Rights Reserved.
Running: C:/Xilinx/Vivado/2023.2/bin/unwrapped/win64.o/xelab.exe --incr --debug typical --relax --mt 2 -L xil_defaultlib -L unisims_ver -L unimacro_ver -L secureip --snapshot AHB_master_tb_behav xil_defaultlib.AHB_master_tb xil_defaultlib.glbl -log elaborate.log 
Using 2 slave threads.
Starting static elaboration
Pass Through NonSizing Optimizer
ERROR: [VRFC 10-3180] cannot find port 'din' on this module [E:/1.Studies/Semester 07/Advanced Digital Systems/Assignment Dr/AMBA_AHB_bus/AHB/AHB.srcs/sources_1/new/AHB_slave1_top.v:56]
ERROR: [VRFC 10-3180] cannot find port 'dout' on this module [E:/1.Studies/Semester 07/Advanced Digital Systems/Assignment Dr/AMBA_AHB_bus/AHB/AHB.srcs/sources_1/new/AHB_slave1_top.v:55]
ERROR: [VRFC 10-3180] cannot find port 'hwrite_out' on this module [E:/1.Studies/Semester 07/Advanced Digital Systems/Assignment Dr/AMBA_AHB_bus/AHB/AHB.srcs/sources_1/new/AHB_slave1_top.v:54]
ERROR: [VRFC 10-3180] cannot find port 'addr_out' on this module [E:/1.Studies/Semester 07/Advanced Digital Systems/Assignment Dr/AMBA_AHB_bus/AHB/AHB.srcs/sources_1/new/AHB_slave1_top.v:53]
ERROR: [VRFC 10-3180] cannot find port 'hwdata_mux_out' on this module [E:/1.Studies/Semester 07/Advanced Digital Systems/Assignment Dr/AMBA_AHB_bus/AHB/AHB.srcs/sources_1/new/AHB_slave1_top.v:73]
ERROR: [VRFC 10-3180] cannot find port 'haddr_mux_out' on this module [E:/1.Studies/Semester 07/Advanced Digital Systems/Assignment Dr/AMBA_AHB_bus/AHB/AHB.srcs/sources_1/new/AHB_slave1_top.v:72]
ERROR: [VRFC 10-3180] cannot find port 'dout' on this module [E:/1.Studies/Semester 07/Advanced Digital Systems/Assignment Dr/AMBA_AHB_bus/AHB/AHB.srcs/sources_1/new/AHB_slave1_top.v:70]
ERROR: [VRFC 10-3180] cannot find port 'addr_out' on this module [E:/1.Studies/Semester 07/Advanced Digital Systems/Assignment Dr/AMBA_AHB_bus/AHB/AHB.srcs/sources_1/new/AHB_slave1_top.v:68]
ERROR: [VRFC 10-3180] cannot find port 'din' on this module [E:/1.Studies/Semester 07/Advanced Digital Systems/Assignment Dr/AMBA_AHB_bus/AHB/AHB.srcs/sources_1/new/AHB_slave1_top.v:62]
ERROR: [XSIM 43-3322] Static elaboration of top level Verilog design unit(s) in library work failed.
INFO: [USF-XSim-69] 'elaborate' step finished in '1' seconds
INFO: [USF-XSim-99] Step results log file:'E:/1.Studies/Semester 07/Advanced Digital Systems/Assignment Dr/AMBA_AHB_bus/AHB/AHB.sim/sim_1/behav/xsim/elaborate.log'
ERROR: [USF-XSim-62] 'elaborate' step failed with error(s). Please check the Tcl console output or 'E:/1.Studies/Semester 07/Advanced Digital Systems/Assignment Dr/AMBA_AHB_bus/AHB/AHB.sim/sim_1/behav/xsim/elaborate.log' file for more information.
ERROR: [Vivado 12-4473] Detected error while running simulation. Please correct the issue and retry this operation.
ERROR: [Common 17-39] 'launch_simulation' failed due to earlier errors.
WARNING: [filemgmt 56-199] Attempt to get parsing info during refresh. "On-the-fly" syntax checking information may be incorrect. [E:\1.Studies\Semester 07\Advanced Digital Systems\Assignment Dr\AMBA_AHB_bus\AHB\AHB.srcs\sim_1\new\AHB_master_tb.v:]
WARNING: [filemgmt 56-199] Attempt to get parsing info during refresh. "On-the-fly" syntax checking information may be incorrect. [E:\1.Studies\Semester 07\Advanced Digital Systems\Assignment Dr\AMBA_AHB_bus\AHB\AHB.srcs\sources_1\new\AHB_slave.v:]
WARNING: [filemgmt 56-199] Attempt to get parsing info during refresh. "On-the-fly" syntax checking information may be incorrect. [E:\1.Studies\Semester 07\Advanced Digital Systems\Assignment Dr\AMBA_AHB_bus\AHB\AHB.srcs\sources_1\new\AHB_top_module.v:]
WARNING: [filemgmt 56-199] Attempt to get parsing info during refresh. "On-the-fly" syntax checking information may be incorrect. [E:\1.Studies\Semester 07\Advanced Digital Systems\Assignment Dr\AMBA_AHB_bus\AHB\AHB.srcs\sources_1\new\AHB_slave1_top.v:]
WARNING: [filemgmt 56-199] Attempt to get parsing info during refresh. "On-the-fly" syntax checking information may be incorrect. [E:\1.Studies\Semester 07\Advanced Digital Systems\Assignment Dr\AMBA_AHB_bus\AHB\AHB.srcs\sources_1\new\AHB_master_module.v:]
WARNING: [filemgmt 56-199] Attempt to get parsing info during refresh. "On-the-fly" syntax checking information may be incorrect. [E:\1.Studies\Semester 07\Advanced Digital Systems\Assignment Dr\AMBA_AHB_bus\AHB\AHB.srcs\sources_1\new\AHB_slave_module.v:]
WARNING: [filemgmt 56-199] Attempt to get parsing info during refresh. "On-the-fly" syntax checking information may be incorrect. [E:\1.Studies\Semester 07\Advanced Digital Systems\Assignment Dr\AMBA_AHB_bus\AHB\AHB.srcs\sim_1\new\AHB_master_tb.v:]
WARNING: [filemgmt 56-199] Attempt to get parsing info during refresh. "On-the-fly" syntax checking information may be incorrect. [E:\1.Studies\Semester 07\Advanced Digital Systems\Assignment Dr\AMBA_AHB_bus\AHB\AHB.srcs\sources_1\new\AHB_slave.v:]
WARNING: [filemgmt 56-199] Attempt to get parsing info during refresh. "On-the-fly" syntax checking information may be incorrect. [E:\1.Studies\Semester 07\Advanced Digital Systems\Assignment Dr\AMBA_AHB_bus\AHB\AHB.srcs\sources_1\new\AHB_top_module.v:]
WARNING: [filemgmt 56-199] Attempt to get parsing info during refresh. "On-the-fly" syntax checking information may be incorrect. [E:\1.Studies\Semester 07\Advanced Digital Systems\Assignment Dr\AMBA_AHB_bus\AHB\AHB.srcs\sources_1\new\AHB_slave1_top.v:]
WARNING: [filemgmt 56-199] Attempt to get parsing info during refresh. "On-the-fly" syntax checking information may be incorrect. [E:\1.Studies\Semester 07\Advanced Digital Systems\Assignment Dr\AMBA_AHB_bus\AHB\AHB.srcs\sources_1\new\AHB_master_module.v:]
WARNING: [filemgmt 56-199] Attempt to get parsing info during refresh. "On-the-fly" syntax checking information may be incorrect. [E:\1.Studies\Semester 07\Advanced Digital Systems\Assignment Dr\AMBA_AHB_bus\AHB\AHB.srcs\sources_1\new\AHB_slave_module.v:]
WARNING: [filemgmt 56-199] Attempt to get parsing info during refresh. "On-the-fly" syntax checking information may be incorrect. [E:\1.Studies\Semester 07\Advanced Digital Systems\Assignment Dr\AMBA_AHB_bus\AHB\AHB.srcs\sim_1\new\AHB_master_tb.v:]
WARNING: [filemgmt 56-199] Attempt to get parsing info during refresh. "On-the-fly" syntax checking information may be incorrect. [E:\1.Studies\Semester 07\Advanced Digital Systems\Assignment Dr\AMBA_AHB_bus\AHB\AHB.srcs\sources_1\new\AHB_slave.v:]
WARNING: [filemgmt 56-199] Attempt to get parsing info during refresh. "On-the-fly" syntax checking information may be incorrect. [E:\1.Studies\Semester 07\Advanced Digital Systems\Assignment Dr\AMBA_AHB_bus\AHB\AHB.srcs\sources_1\new\AHB_top_module.v:]
WARNING: [filemgmt 56-199] Attempt to get parsing info during refresh. "On-the-fly" syntax checking information may be incorrect. [E:\1.Studies\Semester 07\Advanced Digital Systems\Assignment Dr\AMBA_AHB_bus\AHB\AHB.srcs\sources_1\new\AHB_slave1_top.v:]
WARNING: [filemgmt 56-199] Attempt to get parsing info during refresh. "On-the-fly" syntax checking information may be incorrect. [E:\1.Studies\Semester 07\Advanced Digital Systems\Assignment Dr\AMBA_AHB_bus\AHB\AHB.srcs\sources_1\new\AHB_master_module.v:]
WARNING: [filemgmt 56-199] Attempt to get parsing info during refresh. "On-the-fly" syntax checking information may be incorrect. [E:\1.Studies\Semester 07\Advanced Digital Systems\Assignment Dr\AMBA_AHB_bus\AHB\AHB.srcs\sources_1\new\AHB_slave_module.v:]
WARNING: [filemgmt 56-199] Attempt to get parsing info during refresh. "On-the-fly" syntax checking information may be incorrect. [E:\1.Studies\Semester 07\Advanced Digital Systems\Assignment Dr\AMBA_AHB_bus\AHB\AHB.srcs\sim_1\new\AHB_master_tb.v:]
WARNING: [filemgmt 56-199] Attempt to get parsing info during refresh. "On-the-fly" syntax checking information may be incorrect. [E:\1.Studies\Semester 07\Advanced Digital Systems\Assignment Dr\AMBA_AHB_bus\AHB\AHB.srcs\sources_1\new\AHB_slave.v:]
WARNING: [filemgmt 56-199] Attempt to get parsing info during refresh. "On-the-fly" syntax checking information may be incorrect. [E:\1.Studies\Semester 07\Advanced Digital Systems\Assignment Dr\AMBA_AHB_bus\AHB\AHB.srcs\sources_1\new\AHB_top_module.v:]
WARNING: [filemgmt 56-199] Attempt to get parsing info during refresh. "On-the-fly" syntax checking information may be incorrect. [E:\1.Studies\Semester 07\Advanced Digital Systems\Assignment Dr\AMBA_AHB_bus\AHB\AHB.srcs\sources_1\new\AHB_slave1_top.v:]
WARNING: [filemgmt 56-199] Attempt to get parsing info during refresh. "On-the-fly" syntax checking information may be incorrect. [E:\1.Studies\Semester 07\Advanced Digital Systems\Assignment Dr\AMBA_AHB_bus\AHB\AHB.srcs\sources_1\new\AHB_master_module.v:]
WARNING: [filemgmt 56-199] Attempt to get parsing info during refresh. "On-the-fly" syntax checking information may be incorrect. [E:\1.Studies\Semester 07\Advanced Digital Systems\Assignment Dr\AMBA_AHB_bus\AHB\AHB.srcs\sources_1\new\AHB_slave_module.v:]
ERROR: [Common 17-180] Spawn failed: No error
WARNING: [filemgmt 56-199] Attempt to get parsing info during refresh. "On-the-fly" syntax checking information may be incorrect. [E:\1.Studies\Semester 07\Advanced Digital Systems\Assignment Dr\AMBA_AHB_bus\AHB\AHB.srcs\sim_1\new\AHB_master_tb.v:]
WARNING: [filemgmt 56-199] Attempt to get parsing info during refresh. "On-the-fly" syntax checking information may be incorrect. [E:\1.Studies\Semester 07\Advanced Digital Systems\Assignment Dr\AMBA_AHB_bus\AHB\AHB.srcs\sources_1\new\AHB_slave.v:]
WARNING: [filemgmt 56-199] Attempt to get parsing info during refresh. "On-the-fly" syntax checking information may be incorrect. [E:\1.Studies\Semester 07\Advanced Digital Systems\Assignment Dr\AMBA_AHB_bus\AHB\AHB.srcs\sources_1\new\AHB_top_module.v:]
WARNING: [filemgmt 56-199] Attempt to get parsing info during refresh. "On-the-fly" syntax checking information may be incorrect. [E:\1.Studies\Semester 07\Advanced Digital Systems\Assignment Dr\AMBA_AHB_bus\AHB\AHB.srcs\sources_1\new\AHB_slave1_top.v:]
WARNING: [filemgmt 56-199] Attempt to get parsing info during refresh. "On-the-fly" syntax checking information may be incorrect. [E:\1.Studies\Semester 07\Advanced Digital Systems\Assignment Dr\AMBA_AHB_bus\AHB\AHB.srcs\sources_1\new\AHB_master_module.v:]
WARNING: [filemgmt 56-199] Attempt to get parsing info during refresh. "On-the-fly" syntax checking information may be incorrect. [E:\1.Studies\Semester 07\Advanced Digital Systems\Assignment Dr\AMBA_AHB_bus\AHB\AHB.srcs\sources_1\new\AHB_slave_module.v:]
ERROR: [Common 17-180] Spawn failed: No error
exit
INFO: [Common 17-206] Exiting Vivado at Fri Dec  6 11:03:05 2024...
