srcscan starts
INFO: analyzing module AHB_addr_mux (VERI-9002)
INFO: analyzing module AHB_arbiter (VERI-9002)
INFO: analyzing module AHB_decoder (VERI-9002)
INFO: analyzing module AHB_master (VERI-9002)
INFO: analyzing module AHB_master1_top (VERI-9002)
INFO: analyzing module AHB_master2_module (VERI-9002)
INFO: analyzing module AHB_master2_top (VERI-9002)
INFO: analyzing module AHB_master3_interface (VERI-9002)
INFO: analyzing module AHB_master_module (VERI-9002)
INFO: analyzing module AHB_read_data_mux (VERI-9002)
INFO: analyzing module AHB_slave (VERI-9002)
INFO: analyzing module AHB_slave1_top (VERI-9002)
INFO: analyzing module AHB_slave2_module2 (VERI-9002)
INFO: analyzing module AHB_slave2_top (VERI-9002)
C:/Users/User/Documents/AHB_Final_Final_real/AMBA_AHB_bus/AHB/AHB.srcs/sources_1/new/AHB_slave2_top.v(57): INFO: undeclared symbol 'split_connect', assumed default net type 'wire' (VERI-2561)
INFO: analyzing module AHB_slave3_top (VERI-9002)
INFO: analyzing module AHB_slave_module (VERI-9002)
INFO: analyzing module AHB_slave_interfac2 (VERI-9002)
INFO: analyzing module AHB_write_data_mux (VERI-9002)
INFO: analyzing module AHB_top_module (VERI-9002)
INFO: analyzing module AHB_slave4_interface (VERI-9002)
INFO: analyzing module AHB_slave3_module (VERI-9002)
INFO: analyzing module AHB_slave2_module (VERI-9002)
INFO: analyzing module AHB_bus_bridge (VERI-9002)
INFO: analyzing module AHB_bus_bridge_parallel (VERI-9002)
INFO: analyzing module AHB_slave2_interface (VERI-9002)
srcscan exits with return value 0
RI-9002)
INFO: analyzing module AHB_slave3_module (VERI-9002)
INFO: analyzing module AHB_slave2_module (VERI-9002)
INFO: analyzing module AHB_bus_bridge (VERI-9002)
INFO: analyzing module AHB_bus_bridge_parallel (VERI-9002)
INFO: analyzing module AHB_slave2_interface (VERI-9002)
srcscan exits with return value 0
